   0  $accept : Program $end

   1  Program : ClassList

   2  ClassList : ClassList ClassDef
   3            | ClassDef

   4  VariableDef : Variable ';'

   5  Variable : Type IDENTIFIER

   6  Type : INT
   7       | VOID
   8       | BOOL
   9       | STRING
  10       | COMPLEX
  11       | CLASS IDENTIFIER
  12       | Type '[' ']'

  13  ClassDef : CLASS IDENTIFIER ExtendsClause '{' FieldList '}'

  14  ExtendsClause : EXTENDS IDENTIFIER
  15                |

  16  FieldList : FieldList VariableDef
  17            | FieldList FunctionDef
  18            |

  19  Formals : VariableList
  20          |

  21  VariableList : VariableList ',' Variable
  22               | Variable

  23  FunctionDef : STATIC Type IDENTIFIER '(' Formals ')' StmtBlock
  24              | Type IDENTIFIER '(' Formals ')' StmtBlock

  25  StmtBlock : '{' StmtList '}'

  26  StmtList : StmtList Stmt
  27           |

  28  Stmt : VariableDef
  29       | SimpleStmt ';'
  30       | IfStmt
  31       | WhileStmt
  32       | ForStmt
  33       | ReturnStmt ';'
  34       | PrintStmt ';'
  35       | PrintCompStmt ';'
  36       | BreakStmt ';'
  37       | StmtBlock
  38       | DoStmt

  39  SimpleStmt : LValue '=' Expr
  40             | Call
  41             |

  42  Receiver : Expr '.'
  43           |

  44  LValue : Receiver IDENTIFIER
  45         | Expr '[' Expr ']'

  46  Call : Receiver IDENTIFIER '(' Actuals ')'

  47  Expr : LValue
  48       | Call
  49       | Constant
  50       | Expr '+' Expr
  51       | Expr '-' Expr
  52       | Expr '*' Expr
  53       | Expr '/' Expr
  54       | Expr '%' Expr
  55       | Expr EQUAL Expr
  56       | Expr NOT_EQUAL Expr
  57       | Expr '<' Expr
  58       | Expr '>' Expr
  59       | Expr LESS_EQUAL Expr
  60       | Expr GREATER_EQUAL Expr
  61       | Expr AND Expr
  62       | Expr OR Expr
  63       | '(' Expr ')'
  64       | '-' Expr
  65       | '!' Expr
  66       | READ_INTEGER '(' ')'
  67       | READ_LINE '(' ')'
  68       | THIS
  69       | NEW IDENTIFIER '(' ')'
  70       | NEW Type '[' Expr ']'
  71       | INSTANCEOF '(' Expr ',' IDENTIFIER ')'
  72       | '(' CLASS IDENTIFIER ')' Expr
  73       | '#' Expr
  74       | '@' Expr
  75       | '$' Expr
  76       | DCOPY '(' Expr ')'
  77       | SCOPY '(' Expr ')'
  78       | SUPER
  79       | CaseExpr

  80  Constant : LITERAL
  81           | NULL

  82  Actuals : ExprList
  83          |

  84  ExprList : ExprList ',' Expr
  85           | Expr

  86  WhileStmt : WHILE '(' Expr ')' Stmt

  87  ForStmt : FOR '(' SimpleStmt ';' Expr ';' SimpleStmt ')' Stmt

  88  BreakStmt : BREAK

  89  IfStmt : IF '(' Expr ')' Stmt ElseClause

  90  ElseClause : ELSE Stmt
  91             |

  92  ReturnStmt : RETURN Expr
  93             | RETURN

  94  PrintStmt : PRINT '(' ExprList ')'

  95  PrintCompStmt : PRINTCOMP '(' ExprList ')'

  96  CaseExpr : CASE '(' Expr ')' '{' CaseList DefaultExpr '}'

  97  CaseList : CaseList ACaseEXor
  98           | ACaseEXor
  99           |

 100  ACaseEXor : Constant ':' Expr ';'

 101  DefaultExpr : DEFAULT ':' Expr ';'

 102  DoStmt : DO DoBranchList DoSubStmt OD
 103         | DO DoSubStmt OD

 104  DoBranchList : DoBranchList DoBranch
 105               | DoBranch

 106  DoBranch : DoSubStmt BRAN

 107  DoSubStmt : Expr ':' Stmt

state 0
	$accept : . Program $end  (0)

	CLASS  shift 1
	.  error

	Program  goto 2
	ClassList  goto 3
	ClassDef  goto 4


state 1
	ClassDef : CLASS . IDENTIFIER ExtendsClause '{' FieldList '}'  (13)

	IDENTIFIER  shift 5
	.  error


state 2
	$accept : Program . $end  (0)

	$end  accept


state 3
	Program : ClassList .  (1)
	ClassList : ClassList . ClassDef  (2)

	CLASS  shift 1
	$end  reduce 1

	ClassDef  goto 6


state 4
	ClassList : ClassDef .  (3)

	.  reduce 3


state 5
	ClassDef : CLASS IDENTIFIER . ExtendsClause '{' FieldList '}'  (13)
	ExtendsClause : .  (15)

	EXTENDS  shift 7
	'{'  reduce 15

	ExtendsClause  goto 8


state 6
	ClassList : ClassList ClassDef .  (2)

	.  reduce 2


state 7
	ExtendsClause : EXTENDS . IDENTIFIER  (14)

	IDENTIFIER  shift 9
	.  error


state 8
	ClassDef : CLASS IDENTIFIER ExtendsClause . '{' FieldList '}'  (13)

	'{'  shift 10
	.  error


state 9
	ExtendsClause : EXTENDS IDENTIFIER .  (14)

	.  reduce 14


state 10
	ClassDef : CLASS IDENTIFIER ExtendsClause '{' . FieldList '}'  (13)
	FieldList : .  (18)

	.  reduce 18

	FieldList  goto 11


state 11
	ClassDef : CLASS IDENTIFIER ExtendsClause '{' FieldList . '}'  (13)
	FieldList : FieldList . VariableDef  (16)
	FieldList : FieldList . FunctionDef  (17)

	VOID  shift 12
	BOOL  shift 13
	INT  shift 14
	STRING  shift 15
	CLASS  shift 16
	STATIC  shift 17
	'}'  shift 18
	COMPLEX  shift 19
	.  error

	VariableDef  goto 20
	Variable  goto 21
	Type  goto 22
	FunctionDef  goto 23


state 12
	Type : VOID .  (7)

	.  reduce 7


state 13
	Type : BOOL .  (8)

	.  reduce 8


state 14
	Type : INT .  (6)

	.  reduce 6


state 15
	Type : STRING .  (9)

	.  reduce 9


state 16
	Type : CLASS . IDENTIFIER  (11)

	IDENTIFIER  shift 24
	.  error


state 17
	FunctionDef : STATIC . Type IDENTIFIER '(' Formals ')' StmtBlock  (23)

	VOID  shift 12
	BOOL  shift 13
	INT  shift 14
	STRING  shift 15
	CLASS  shift 16
	COMPLEX  shift 19
	.  error

	Type  goto 25


state 18
	ClassDef : CLASS IDENTIFIER ExtendsClause '{' FieldList '}' .  (13)

	.  reduce 13


state 19
	Type : COMPLEX .  (10)

	.  reduce 10


state 20
	FieldList : FieldList VariableDef .  (16)

	.  reduce 16


state 21
	VariableDef : Variable . ';'  (4)

	';'  shift 26
	.  error


state 22
	Variable : Type . IDENTIFIER  (5)
	Type : Type . '[' ']'  (12)
	FunctionDef : Type . IDENTIFIER '(' Formals ')' StmtBlock  (24)

	IDENTIFIER  shift 27
	'['  shift 28
	.  error


state 23
	FieldList : FieldList FunctionDef .  (17)

	.  reduce 17


state 24
	Type : CLASS IDENTIFIER .  (11)

	.  reduce 11


state 25
	Type : Type . '[' ']'  (12)
	FunctionDef : STATIC Type . IDENTIFIER '(' Formals ')' StmtBlock  (23)

	IDENTIFIER  shift 29
	'['  shift 28
	.  error


state 26
	VariableDef : Variable ';' .  (4)

	.  reduce 4


state 27
	Variable : Type IDENTIFIER .  (5)
	FunctionDef : Type IDENTIFIER . '(' Formals ')' StmtBlock  (24)

	'('  shift 30
	';'  reduce 5


state 28
	Type : Type '[' . ']'  (12)

	']'  shift 31
	.  error


state 29
	FunctionDef : STATIC Type IDENTIFIER . '(' Formals ')' StmtBlock  (23)

	'('  shift 32
	.  error


state 30
	FunctionDef : Type IDENTIFIER '(' . Formals ')' StmtBlock  (24)
	Formals : .  (20)

	VOID  shift 12
	BOOL  shift 13
	INT  shift 14
	STRING  shift 15
	CLASS  shift 16
	COMPLEX  shift 19
	')'  reduce 20

	Variable  goto 33
	Type  goto 34
	Formals  goto 35
	VariableList  goto 36


state 31
	Type : Type '[' ']' .  (12)

	.  reduce 12


state 32
	FunctionDef : STATIC Type IDENTIFIER '(' . Formals ')' StmtBlock  (23)
	Formals : .  (20)

	VOID  shift 12
	BOOL  shift 13
	INT  shift 14
	STRING  shift 15
	CLASS  shift 16
	COMPLEX  shift 19
	')'  reduce 20

	Variable  goto 33
	Type  goto 34
	Formals  goto 37
	VariableList  goto 36


state 33
	VariableList : Variable .  (22)

	.  reduce 22


state 34
	Variable : Type . IDENTIFIER  (5)
	Type : Type . '[' ']'  (12)

	IDENTIFIER  shift 38
	'['  shift 28
	.  error


state 35
	FunctionDef : Type IDENTIFIER '(' Formals . ')' StmtBlock  (24)

	')'  shift 39
	.  error


state 36
	Formals : VariableList .  (19)
	VariableList : VariableList . ',' Variable  (21)

	','  shift 40
	')'  reduce 19


state 37
	FunctionDef : STATIC Type IDENTIFIER '(' Formals . ')' StmtBlock  (23)

	')'  shift 41
	.  error


state 38
	Variable : Type IDENTIFIER .  (5)

	.  reduce 5


state 39
	FunctionDef : Type IDENTIFIER '(' Formals ')' . StmtBlock  (24)

	'{'  shift 42
	.  error

	StmtBlock  goto 43


state 40
	VariableList : VariableList ',' . Variable  (21)

	VOID  shift 12
	BOOL  shift 13
	INT  shift 14
	STRING  shift 15
	CLASS  shift 16
	COMPLEX  shift 19
	.  error

	Variable  goto 44
	Type  goto 34


state 41
	FunctionDef : STATIC Type IDENTIFIER '(' Formals ')' . StmtBlock  (23)

	'{'  shift 42
	.  error

	StmtBlock  goto 45


state 42
	StmtBlock : '{' . StmtList '}'  (25)
	StmtList : .  (27)

	.  reduce 27

	StmtList  goto 46


state 43
	FunctionDef : Type IDENTIFIER '(' Formals ')' StmtBlock .  (24)

	.  reduce 24


state 44
	VariableList : VariableList ',' Variable .  (21)

	.  reduce 21


state 45
	FunctionDef : STATIC Type IDENTIFIER '(' Formals ')' StmtBlock .  (23)

	.  reduce 23


state 46
	StmtBlock : '{' StmtList . '}'  (25)
	StmtList : StmtList . Stmt  (26)
	SimpleStmt : .  (41)
	Receiver : .  (43)

	VOID  shift 12
	BOOL  shift 13
	INT  shift 14
	STRING  shift 15
	CLASS  shift 16
	NULL  shift 47
	THIS  shift 48
	WHILE  shift 49
	FOR  shift 50
	IF  shift 51
	RETURN  shift 52
	BREAK  shift 53
	NEW  shift 54
	PRINT  shift 55
	READ_INTEGER  shift 56
	READ_LINE  shift 57
	LITERAL  shift 58
	INSTANCEOF  shift 59
	'-'  shift 60
	'!'  shift 61
	'('  shift 62
	'{'  shift 42
	'}'  shift 63
	CASE  shift 64
	SUPER  shift 65
	SCOPY  shift 66
	DCOPY  shift 67
	PRINTCOMP  shift 68
	COMPLEX  shift 19
	DO  shift 69
	'#'  shift 70
	'@'  shift 71
	'$'  shift 72
	IDENTIFIER  reduce 43
	';'  reduce 41

	VariableDef  goto 73
	Variable  goto 21
	Type  goto 34
	StmtBlock  goto 74
	Stmt  goto 75
	SimpleStmt  goto 76
	IfStmt  goto 77
	WhileStmt  goto 78
	ForStmt  goto 79
	ReturnStmt  goto 80
	PrintStmt  goto 81
	PrintCompStmt  goto 82
	BreakStmt  goto 83
	DoStmt  goto 84
	LValue  goto 85
	Expr  goto 86
	Call  goto 87
	Receiver  goto 88
	Constant  goto 89
	CaseExpr  goto 90


state 47
	Constant : NULL .  (81)

	.  reduce 81


state 48
	Expr : THIS .  (68)

	.  reduce 68


state 49
	WhileStmt : WHILE . '(' Expr ')' Stmt  (86)

	'('  shift 91
	.  error


state 50
	ForStmt : FOR . '(' SimpleStmt ';' Expr ';' SimpleStmt ')' Stmt  (87)

	'('  shift 92
	.  error


state 51
	IfStmt : IF . '(' Expr ')' Stmt ElseClause  (89)

	'('  shift 93
	.  error


state 52
	ReturnStmt : RETURN . Expr  (92)
	ReturnStmt : RETURN .  (93)
	Receiver : .  (43)

	NULL  shift 47
	THIS  shift 48
	NEW  shift 54
	READ_INTEGER  shift 56
	READ_LINE  shift 57
	LITERAL  shift 58
	INSTANCEOF  shift 59
	'-'  shift 60
	'!'  shift 61
	'('  shift 62
	CASE  shift 64
	SUPER  shift 65
	SCOPY  shift 66
	DCOPY  shift 67
	'#'  shift 70
	'@'  shift 71
	'$'  shift 72
	IDENTIFIER  reduce 43
	';'  reduce 93

	LValue  goto 94
	Expr  goto 95
	Call  goto 96
	Receiver  goto 88
	Constant  goto 89
	CaseExpr  goto 90


state 53
	BreakStmt : BREAK .  (88)

	.  reduce 88


state 54
	Expr : NEW . IDENTIFIER '(' ')'  (69)
	Expr : NEW . Type '[' Expr ']'  (70)

	VOID  shift 12
	BOOL  shift 13
	INT  shift 14
	STRING  shift 15
	CLASS  shift 16
	IDENTIFIER  shift 97
	COMPLEX  shift 19
	.  error

	Type  goto 98


state 55
	PrintStmt : PRINT . '(' ExprList ')'  (94)

	'('  shift 99
	.  error


state 56
	Expr : READ_INTEGER . '(' ')'  (66)

	'('  shift 100
	.  error


state 57
	Expr : READ_LINE . '(' ')'  (67)

	'('  shift 101
	.  error


state 58
	Constant : LITERAL .  (80)

	.  reduce 80


state 59
	Expr : INSTANCEOF . '(' Expr ',' IDENTIFIER ')'  (71)

	'('  shift 102
	.  error


state 60
	Expr : '-' . Expr  (64)
	Receiver : .  (43)

	NULL  shift 47
	THIS  shift 48
	NEW  shift 54
	READ_INTEGER  shift 56
	READ_LINE  shift 57
	LITERAL  shift 58
	INSTANCEOF  shift 59
	'-'  shift 60
	'!'  shift 61
	'('  shift 62
	CASE  shift 64
	SUPER  shift 65
	SCOPY  shift 66
	DCOPY  shift 67
	'#'  shift 70
	'@'  shift 71
	'$'  shift 72
	IDENTIFIER  reduce 43

	LValue  goto 94
	Expr  goto 103
	Call  goto 96
	Receiver  goto 88
	Constant  goto 89
	CaseExpr  goto 90


state 61
	Expr : '!' . Expr  (65)
	Receiver : .  (43)

	NULL  shift 47
	THIS  shift 48
	NEW  shift 54
	READ_INTEGER  shift 56
	READ_LINE  shift 57
	LITERAL  shift 58
	INSTANCEOF  shift 59
	'-'  shift 60
	'!'  shift 61
	'('  shift 62
	CASE  shift 64
	SUPER  shift 65
	SCOPY  shift 66
	DCOPY  shift 67
	'#'  shift 70
	'@'  shift 71
	'$'  shift 72
	IDENTIFIER  reduce 43

	LValue  goto 94
	Expr  goto 104
	Call  goto 96
	Receiver  goto 88
	Constant  goto 89
	CaseExpr  goto 90


state 62
	Expr : '(' . Expr ')'  (63)
	Expr : '(' . CLASS IDENTIFIER ')' Expr  (72)
	Receiver : .  (43)

	CLASS  shift 105
	NULL  shift 47
	THIS  shift 48
	NEW  shift 54
	READ_INTEGER  shift 56
	READ_LINE  shift 57
	LITERAL  shift 58
	INSTANCEOF  shift 59
	'-'  shift 60
	'!'  shift 61
	'('  shift 62
	CASE  shift 64
	SUPER  shift 65
	SCOPY  shift 66
	DCOPY  shift 67
	'#'  shift 70
	'@'  shift 71
	'$'  shift 72
	IDENTIFIER  reduce 43

	LValue  goto 94
	Expr  goto 106
	Call  goto 96
	Receiver  goto 88
	Constant  goto 89
	CaseExpr  goto 90


state 63
	StmtBlock : '{' StmtList '}' .  (25)

	.  reduce 25


state 64
	CaseExpr : CASE . '(' Expr ')' '{' CaseList DefaultExpr '}'  (96)

	'('  shift 107
	.  error


state 65
	Expr : SUPER .  (78)

	.  reduce 78


state 66
	Expr : SCOPY . '(' Expr ')'  (77)

	'('  shift 108
	.  error


state 67
	Expr : DCOPY . '(' Expr ')'  (76)

	'('  shift 109
	.  error


state 68
	PrintCompStmt : PRINTCOMP . '(' ExprList ')'  (95)

	'('  shift 110
	.  error


state 69
	DoStmt : DO . DoBranchList DoSubStmt OD  (102)
	DoStmt : DO . DoSubStmt OD  (103)
	Receiver : .  (43)

	NULL  shift 47
	THIS  shift 48
	NEW  shift 54
	READ_INTEGER  shift 56
	READ_LINE  shift 57
	LITERAL  shift 58
	INSTANCEOF  shift 59
	'-'  shift 60
	'!'  shift 61
	'('  shift 62
	CASE  shift 64
	SUPER  shift 65
	SCOPY  shift 66
	DCOPY  shift 67
	'#'  shift 70
	'@'  shift 71
	'$'  shift 72
	IDENTIFIER  reduce 43

	LValue  goto 94
	Expr  goto 111
	Call  goto 96
	Receiver  goto 88
	Constant  goto 89
	CaseExpr  goto 90
	DoBranchList  goto 112
	DoSubStmt  goto 113
	DoBranch  goto 114


state 70
	Expr : '#' . Expr  (73)
	Receiver : .  (43)

	NULL  shift 47
	THIS  shift 48
	NEW  shift 54
	READ_INTEGER  shift 56
	READ_LINE  shift 57
	LITERAL  shift 58
	INSTANCEOF  shift 59
	'-'  shift 60
	'!'  shift 61
	'('  shift 62
	CASE  shift 64
	SUPER  shift 65
	SCOPY  shift 66
	DCOPY  shift 67
	'#'  shift 70
	'@'  shift 71
	'$'  shift 72
	IDENTIFIER  reduce 43

	LValue  goto 94
	Expr  goto 115
	Call  goto 96
	Receiver  goto 88
	Constant  goto 89
	CaseExpr  goto 90


state 71
	Expr : '@' . Expr  (74)
	Receiver : .  (43)

	NULL  shift 47
	THIS  shift 48
	NEW  shift 54
	READ_INTEGER  shift 56
	READ_LINE  shift 57
	LITERAL  shift 58
	INSTANCEOF  shift 59
	'-'  shift 60
	'!'  shift 61
	'('  shift 62
	CASE  shift 64
	SUPER  shift 65
	SCOPY  shift 66
	DCOPY  shift 67
	'#'  shift 70
	'@'  shift 71
	'$'  shift 72
	IDENTIFIER  reduce 43

	LValue  goto 94
	Expr  goto 116
	Call  goto 96
	Receiver  goto 88
	Constant  goto 89
	CaseExpr  goto 90


state 72
	Expr : '$' . Expr  (75)
	Receiver : .  (43)

	NULL  shift 47
	THIS  shift 48
	NEW  shift 54
	READ_INTEGER  shift 56
	READ_LINE  shift 57
	LITERAL  shift 58
	INSTANCEOF  shift 59
	'-'  shift 60
	'!'  shift 61
	'('  shift 62
	CASE  shift 64
	SUPER  shift 65
	SCOPY  shift 66
	DCOPY  shift 67
	'#'  shift 70
	'@'  shift 71
	'$'  shift 72
	IDENTIFIER  reduce 43

	LValue  goto 94
	Expr  goto 117
	Call  goto 96
	Receiver  goto 88
	Constant  goto 89
	CaseExpr  goto 90


state 73
	Stmt : VariableDef .  (28)

	.  reduce 28


state 74
	Stmt : StmtBlock .  (37)

	.  reduce 37


state 75
	StmtList : StmtList Stmt .  (26)

	.  reduce 26


state 76
	Stmt : SimpleStmt . ';'  (29)

	';'  shift 118
	.  error


state 77
	Stmt : IfStmt .  (30)

	.  reduce 30


state 78
	Stmt : WhileStmt .  (31)

	.  reduce 31


state 79
	Stmt : ForStmt .  (32)

	.  reduce 32


state 80
	Stmt : ReturnStmt . ';'  (33)

	';'  shift 119
	.  error


state 81
	Stmt : PrintStmt . ';'  (34)

	';'  shift 120
	.  error


state 82
	Stmt : PrintCompStmt . ';'  (35)

	';'  shift 121
	.  error


state 83
	Stmt : BreakStmt . ';'  (36)

	';'  shift 122
	.  error


state 84
	Stmt : DoStmt .  (38)

	.  reduce 38


state 85
	SimpleStmt : LValue . '=' Expr  (39)
	Expr : LValue .  (47)

	'='  shift 123
	AND  reduce 47
	OR  reduce 47
	LESS_EQUAL  reduce 47
	GREATER_EQUAL  reduce 47
	EQUAL  reduce 47
	NOT_EQUAL  reduce 47
	'+'  reduce 47
	'-'  reduce 47
	'*'  reduce 47
	'/'  reduce 47
	'%'  reduce 47
	'>'  reduce 47
	'<'  reduce 47
	'.'  reduce 47
	'['  reduce 47


state 86
	Receiver : Expr . '.'  (42)
	LValue : Expr . '[' Expr ']'  (45)
	Expr : Expr . '+' Expr  (50)
	Expr : Expr . '-' Expr  (51)
	Expr : Expr . '*' Expr  (52)
	Expr : Expr . '/' Expr  (53)
	Expr : Expr . '%' Expr  (54)
	Expr : Expr . EQUAL Expr  (55)
	Expr : Expr . NOT_EQUAL Expr  (56)
	Expr : Expr . '<' Expr  (57)
	Expr : Expr . '>' Expr  (58)
	Expr : Expr . LESS_EQUAL Expr  (59)
	Expr : Expr . GREATER_EQUAL Expr  (60)
	Expr : Expr . AND Expr  (61)
	Expr : Expr . OR Expr  (62)

	AND  shift 124
	OR  shift 125
	LESS_EQUAL  shift 126
	GREATER_EQUAL  shift 127
	EQUAL  shift 128
	NOT_EQUAL  shift 129
	'+'  shift 130
	'-'  shift 131
	'*'  shift 132
	'/'  shift 133
	'%'  shift 134
	'>'  shift 135
	'<'  shift 136
	'.'  shift 137
	'['  shift 138
	.  error


state 87
	SimpleStmt : Call .  (40)
	Expr : Call .  (48)

	AND  reduce 48
	OR  reduce 48
	LESS_EQUAL  reduce 48
	GREATER_EQUAL  reduce 48
	EQUAL  reduce 48
	NOT_EQUAL  reduce 48
	'+'  reduce 48
	'-'  reduce 48
	'*'  reduce 48
	'/'  reduce 48
	'%'  reduce 48
	'>'  reduce 48
	'<'  reduce 48
	'.'  reduce 48
	';'  reduce 40
	')'  reduce 40
	'['  reduce 48


state 88
	LValue : Receiver . IDENTIFIER  (44)
	Call : Receiver . IDENTIFIER '(' Actuals ')'  (46)

	IDENTIFIER  shift 139
	.  error


state 89
	Expr : Constant .  (49)

	.  reduce 49


state 90
	Expr : CaseExpr .  (79)

	.  reduce 79


state 91
	WhileStmt : WHILE '(' . Expr ')' Stmt  (86)
	Receiver : .  (43)

	NULL  shift 47
	THIS  shift 48
	NEW  shift 54
	READ_INTEGER  shift 56
	READ_LINE  shift 57
	LITERAL  shift 58
	INSTANCEOF  shift 59
	'-'  shift 60
	'!'  shift 61
	'('  shift 62
	CASE  shift 64
	SUPER  shift 65
	SCOPY  shift 66
	DCOPY  shift 67
	'#'  shift 70
	'@'  shift 71
	'$'  shift 72
	IDENTIFIER  reduce 43

	LValue  goto 94
	Expr  goto 140
	Call  goto 96
	Receiver  goto 88
	Constant  goto 89
	CaseExpr  goto 90


state 92
	ForStmt : FOR '(' . SimpleStmt ';' Expr ';' SimpleStmt ')' Stmt  (87)
	SimpleStmt : .  (41)
	Receiver : .  (43)

	NULL  shift 47
	THIS  shift 48
	NEW  shift 54
	READ_INTEGER  shift 56
	READ_LINE  shift 57
	LITERAL  shift 58
	INSTANCEOF  shift 59
	'-'  shift 60
	'!'  shift 61
	'('  shift 62
	CASE  shift 64
	SUPER  shift 65
	SCOPY  shift 66
	DCOPY  shift 67
	'#'  shift 70
	'@'  shift 71
	'$'  shift 72
	IDENTIFIER  reduce 43
	';'  reduce 41

	SimpleStmt  goto 141
	LValue  goto 85
	Expr  goto 86
	Call  goto 87
	Receiver  goto 88
	Constant  goto 89
	CaseExpr  goto 90


state 93
	IfStmt : IF '(' . Expr ')' Stmt ElseClause  (89)
	Receiver : .  (43)

	NULL  shift 47
	THIS  shift 48
	NEW  shift 54
	READ_INTEGER  shift 56
	READ_LINE  shift 57
	LITERAL  shift 58
	INSTANCEOF  shift 59
	'-'  shift 60
	'!'  shift 61
	'('  shift 62
	CASE  shift 64
	SUPER  shift 65
	SCOPY  shift 66
	DCOPY  shift 67
	'#'  shift 70
	'@'  shift 71
	'$'  shift 72
	IDENTIFIER  reduce 43

	LValue  goto 94
	Expr  goto 142
	Call  goto 96
	Receiver  goto 88
	Constant  goto 89
	CaseExpr  goto 90


state 94
	Expr : LValue .  (47)

	.  reduce 47


state 95
	Receiver : Expr . '.'  (42)
	LValue : Expr . '[' Expr ']'  (45)
	Expr : Expr . '+' Expr  (50)
	Expr : Expr . '-' Expr  (51)
	Expr : Expr . '*' Expr  (52)
	Expr : Expr . '/' Expr  (53)
	Expr : Expr . '%' Expr  (54)
	Expr : Expr . EQUAL Expr  (55)
	Expr : Expr . NOT_EQUAL Expr  (56)
	Expr : Expr . '<' Expr  (57)
	Expr : Expr . '>' Expr  (58)
	Expr : Expr . LESS_EQUAL Expr  (59)
	Expr : Expr . GREATER_EQUAL Expr  (60)
	Expr : Expr . AND Expr  (61)
	Expr : Expr . OR Expr  (62)
	ReturnStmt : RETURN Expr .  (92)

	AND  shift 124
	OR  shift 125
	LESS_EQUAL  shift 126
	GREATER_EQUAL  shift 127
	EQUAL  shift 128
	NOT_EQUAL  shift 129
	'+'  shift 130
	'-'  shift 131
	'*'  shift 132
	'/'  shift 133
	'%'  shift 134
	'>'  shift 135
	'<'  shift 136
	'.'  shift 137
	'['  shift 138
	';'  reduce 92


state 96
	Expr : Call .  (48)

	.  reduce 48


state 97
	Expr : NEW IDENTIFIER . '(' ')'  (69)

	'('  shift 143
	.  error


state 98
	Type : Type . '[' ']'  (12)
	Expr : NEW Type . '[' Expr ']'  (70)

	'['  shift 144
	.  error


state 99
	PrintStmt : PRINT '(' . ExprList ')'  (94)
	Receiver : .  (43)

	NULL  shift 47
	THIS  shift 48
	NEW  shift 54
	READ_INTEGER  shift 56
	READ_LINE  shift 57
	LITERAL  shift 58
	INSTANCEOF  shift 59
	'-'  shift 60
	'!'  shift 61
	'('  shift 62
	CASE  shift 64
	SUPER  shift 65
	SCOPY  shift 66
	DCOPY  shift 67
	'#'  shift 70
	'@'  shift 71
	'$'  shift 72
	IDENTIFIER  reduce 43

	LValue  goto 94
	Expr  goto 145
	Call  goto 96
	Receiver  goto 88
	Constant  goto 89
	CaseExpr  goto 90
	ExprList  goto 146


state 100
	Expr : READ_INTEGER '(' . ')'  (66)

	')'  shift 147
	.  error


state 101
	Expr : READ_LINE '(' . ')'  (67)

	')'  shift 148
	.  error


state 102
	Expr : INSTANCEOF '(' . Expr ',' IDENTIFIER ')'  (71)
	Receiver : .  (43)

	NULL  shift 47
	THIS  shift 48
	NEW  shift 54
	READ_INTEGER  shift 56
	READ_LINE  shift 57
	LITERAL  shift 58
	INSTANCEOF  shift 59
	'-'  shift 60
	'!'  shift 61
	'('  shift 62
	CASE  shift 64
	SUPER  shift 65
	SCOPY  shift 66
	DCOPY  shift 67
	'#'  shift 70
	'@'  shift 71
	'$'  shift 72
	IDENTIFIER  reduce 43

	LValue  goto 94
	Expr  goto 149
	Call  goto 96
	Receiver  goto 88
	Constant  goto 89
	CaseExpr  goto 90


state 103
	Receiver : Expr . '.'  (42)
	LValue : Expr . '[' Expr ']'  (45)
	Expr : Expr . '+' Expr  (50)
	Expr : Expr . '-' Expr  (51)
	Expr : Expr . '*' Expr  (52)
	Expr : Expr . '/' Expr  (53)
	Expr : Expr . '%' Expr  (54)
	Expr : Expr . EQUAL Expr  (55)
	Expr : Expr . NOT_EQUAL Expr  (56)
	Expr : Expr . '<' Expr  (57)
	Expr : Expr . '>' Expr  (58)
	Expr : Expr . LESS_EQUAL Expr  (59)
	Expr : Expr . GREATER_EQUAL Expr  (60)
	Expr : Expr . AND Expr  (61)
	Expr : Expr . OR Expr  (62)
	Expr : '-' Expr .  (64)

	'.'  shift 137
	'['  shift 138
	AND  reduce 64
	OR  reduce 64
	LESS_EQUAL  reduce 64
	GREATER_EQUAL  reduce 64
	EQUAL  reduce 64
	NOT_EQUAL  reduce 64
	'+'  reduce 64
	'-'  reduce 64
	'*'  reduce 64
	'/'  reduce 64
	'%'  reduce 64
	'>'  reduce 64
	'<'  reduce 64
	','  reduce 64
	';'  reduce 64
	')'  reduce 64
	']'  reduce 64
	':'  reduce 64


state 104
	Receiver : Expr . '.'  (42)
	LValue : Expr . '[' Expr ']'  (45)
	Expr : Expr . '+' Expr  (50)
	Expr : Expr . '-' Expr  (51)
	Expr : Expr . '*' Expr  (52)
	Expr : Expr . '/' Expr  (53)
	Expr : Expr . '%' Expr  (54)
	Expr : Expr . EQUAL Expr  (55)
	Expr : Expr . NOT_EQUAL Expr  (56)
	Expr : Expr . '<' Expr  (57)
	Expr : Expr . '>' Expr  (58)
	Expr : Expr . LESS_EQUAL Expr  (59)
	Expr : Expr . GREATER_EQUAL Expr  (60)
	Expr : Expr . AND Expr  (61)
	Expr : Expr . OR Expr  (62)
	Expr : '!' Expr .  (65)

	'.'  shift 137
	'['  shift 138
	AND  reduce 65
	OR  reduce 65
	LESS_EQUAL  reduce 65
	GREATER_EQUAL  reduce 65
	EQUAL  reduce 65
	NOT_EQUAL  reduce 65
	'+'  reduce 65
	'-'  reduce 65
	'*'  reduce 65
	'/'  reduce 65
	'%'  reduce 65
	'>'  reduce 65
	'<'  reduce 65
	','  reduce 65
	';'  reduce 65
	')'  reduce 65
	']'  reduce 65
	':'  reduce 65


state 105
	Expr : '(' CLASS . IDENTIFIER ')' Expr  (72)

	IDENTIFIER  shift 150
	.  error


state 106
	Receiver : Expr . '.'  (42)
	LValue : Expr . '[' Expr ']'  (45)
	Expr : Expr . '+' Expr  (50)
	Expr : Expr . '-' Expr  (51)
	Expr : Expr . '*' Expr  (52)
	Expr : Expr . '/' Expr  (53)
	Expr : Expr . '%' Expr  (54)
	Expr : Expr . EQUAL Expr  (55)
	Expr : Expr . NOT_EQUAL Expr  (56)
	Expr : Expr . '<' Expr  (57)
	Expr : Expr . '>' Expr  (58)
	Expr : Expr . LESS_EQUAL Expr  (59)
	Expr : Expr . GREATER_EQUAL Expr  (60)
	Expr : Expr . AND Expr  (61)
	Expr : Expr . OR Expr  (62)
	Expr : '(' Expr . ')'  (63)

	AND  shift 124
	OR  shift 125
	LESS_EQUAL  shift 126
	GREATER_EQUAL  shift 127
	EQUAL  shift 128
	NOT_EQUAL  shift 129
	'+'  shift 130
	'-'  shift 131
	'*'  shift 132
	'/'  shift 133
	'%'  shift 134
	'>'  shift 135
	'<'  shift 136
	'.'  shift 137
	')'  shift 151
	'['  shift 138
	.  error


state 107
	CaseExpr : CASE '(' . Expr ')' '{' CaseList DefaultExpr '}'  (96)
	Receiver : .  (43)

	NULL  shift 47
	THIS  shift 48
	NEW  shift 54
	READ_INTEGER  shift 56
	READ_LINE  shift 57
	LITERAL  shift 58
	INSTANCEOF  shift 59
	'-'  shift 60
	'!'  shift 61
	'('  shift 62
	CASE  shift 64
	SUPER  shift 65
	SCOPY  shift 66
	DCOPY  shift 67
	'#'  shift 70
	'@'  shift 71
	'$'  shift 72
	IDENTIFIER  reduce 43

	LValue  goto 94
	Expr  goto 152
	Call  goto 96
	Receiver  goto 88
	Constant  goto 89
	CaseExpr  goto 90


state 108
	Expr : SCOPY '(' . Expr ')'  (77)
	Receiver : .  (43)

	NULL  shift 47
	THIS  shift 48
	NEW  shift 54
	READ_INTEGER  shift 56
	READ_LINE  shift 57
	LITERAL  shift 58
	INSTANCEOF  shift 59
	'-'  shift 60
	'!'  shift 61
	'('  shift 62
	CASE  shift 64
	SUPER  shift 65
	SCOPY  shift 66
	DCOPY  shift 67
	'#'  shift 70
	'@'  shift 71
	'$'  shift 72
	IDENTIFIER  reduce 43

	LValue  goto 94
	Expr  goto 153
	Call  goto 96
	Receiver  goto 88
	Constant  goto 89
	CaseExpr  goto 90


state 109
	Expr : DCOPY '(' . Expr ')'  (76)
	Receiver : .  (43)

	NULL  shift 47
	THIS  shift 48
	NEW  shift 54
	READ_INTEGER  shift 56
	READ_LINE  shift 57
	LITERAL  shift 58
	INSTANCEOF  shift 59
	'-'  shift 60
	'!'  shift 61
	'('  shift 62
	CASE  shift 64
	SUPER  shift 65
	SCOPY  shift 66
	DCOPY  shift 67
	'#'  shift 70
	'@'  shift 71
	'$'  shift 72
	IDENTIFIER  reduce 43

	LValue  goto 94
	Expr  goto 154
	Call  goto 96
	Receiver  goto 88
	Constant  goto 89
	CaseExpr  goto 90


state 110
	PrintCompStmt : PRINTCOMP '(' . ExprList ')'  (95)
	Receiver : .  (43)

	NULL  shift 47
	THIS  shift 48
	NEW  shift 54
	READ_INTEGER  shift 56
	READ_LINE  shift 57
	LITERAL  shift 58
	INSTANCEOF  shift 59
	'-'  shift 60
	'!'  shift 61
	'('  shift 62
	CASE  shift 64
	SUPER  shift 65
	SCOPY  shift 66
	DCOPY  shift 67
	'#'  shift 70
	'@'  shift 71
	'$'  shift 72
	IDENTIFIER  reduce 43

	LValue  goto 94
	Expr  goto 145
	Call  goto 96
	Receiver  goto 88
	Constant  goto 89
	CaseExpr  goto 90
	ExprList  goto 155


state 111
	Receiver : Expr . '.'  (42)
	LValue : Expr . '[' Expr ']'  (45)
	Expr : Expr . '+' Expr  (50)
	Expr : Expr . '-' Expr  (51)
	Expr : Expr . '*' Expr  (52)
	Expr : Expr . '/' Expr  (53)
	Expr : Expr . '%' Expr  (54)
	Expr : Expr . EQUAL Expr  (55)
	Expr : Expr . NOT_EQUAL Expr  (56)
	Expr : Expr . '<' Expr  (57)
	Expr : Expr . '>' Expr  (58)
	Expr : Expr . LESS_EQUAL Expr  (59)
	Expr : Expr . GREATER_EQUAL Expr  (60)
	Expr : Expr . AND Expr  (61)
	Expr : Expr . OR Expr  (62)
	DoSubStmt : Expr . ':' Stmt  (107)

	AND  shift 124
	OR  shift 125
	LESS_EQUAL  shift 126
	GREATER_EQUAL  shift 127
	EQUAL  shift 128
	NOT_EQUAL  shift 129
	'+'  shift 130
	'-'  shift 131
	'*'  shift 132
	'/'  shift 133
	'%'  shift 134
	'>'  shift 135
	'<'  shift 136
	'.'  shift 137
	'['  shift 138
	':'  shift 156
	.  error


state 112
	DoStmt : DO DoBranchList . DoSubStmt OD  (102)
	DoBranchList : DoBranchList . DoBranch  (104)
	Receiver : .  (43)

	NULL  shift 47
	THIS  shift 48
	NEW  shift 54
	READ_INTEGER  shift 56
	READ_LINE  shift 57
	LITERAL  shift 58
	INSTANCEOF  shift 59
	'-'  shift 60
	'!'  shift 61
	'('  shift 62
	CASE  shift 64
	SUPER  shift 65
	SCOPY  shift 66
	DCOPY  shift 67
	'#'  shift 70
	'@'  shift 71
	'$'  shift 72
	IDENTIFIER  reduce 43

	LValue  goto 94
	Expr  goto 111
	Call  goto 96
	Receiver  goto 88
	Constant  goto 89
	CaseExpr  goto 90
	DoSubStmt  goto 157
	DoBranch  goto 158


state 113
	DoStmt : DO DoSubStmt . OD  (103)
	DoBranch : DoSubStmt . BRAN  (106)

	OD  shift 159
	BRAN  shift 160
	.  error


state 114
	DoBranchList : DoBranch .  (105)

	.  reduce 105


115: shift/reduce conflict (shift 124, reduce 73) on AND
115: shift/reduce conflict (shift 125, reduce 73) on OR
115: shift/reduce conflict (shift 126, reduce 73) on LESS_EQUAL
115: shift/reduce conflict (shift 127, reduce 73) on GREATER_EQUAL
115: shift/reduce conflict (shift 128, reduce 73) on EQUAL
115: shift/reduce conflict (shift 129, reduce 73) on NOT_EQUAL
115: shift/reduce conflict (shift 130, reduce 73) on '+'
115: shift/reduce conflict (shift 131, reduce 73) on '-'
115: shift/reduce conflict (shift 132, reduce 73) on '*'
115: shift/reduce conflict (shift 133, reduce 73) on '/'
115: shift/reduce conflict (shift 134, reduce 73) on '%'
115: shift/reduce conflict (shift 135, reduce 73) on '>'
115: shift/reduce conflict (shift 136, reduce 73) on '<'
115: shift/reduce conflict (shift 137, reduce 73) on '.'
115: shift/reduce conflict (shift 138, reduce 73) on '['
state 115
	Receiver : Expr . '.'  (42)
	LValue : Expr . '[' Expr ']'  (45)
	Expr : Expr . '+' Expr  (50)
	Expr : Expr . '-' Expr  (51)
	Expr : Expr . '*' Expr  (52)
	Expr : Expr . '/' Expr  (53)
	Expr : Expr . '%' Expr  (54)
	Expr : Expr . EQUAL Expr  (55)
	Expr : Expr . NOT_EQUAL Expr  (56)
	Expr : Expr . '<' Expr  (57)
	Expr : Expr . '>' Expr  (58)
	Expr : Expr . LESS_EQUAL Expr  (59)
	Expr : Expr . GREATER_EQUAL Expr  (60)
	Expr : Expr . AND Expr  (61)
	Expr : Expr . OR Expr  (62)
	Expr : '#' Expr .  (73)

	AND  shift 124
	OR  shift 125
	LESS_EQUAL  shift 126
	GREATER_EQUAL  shift 127
	EQUAL  shift 128
	NOT_EQUAL  shift 129
	'+'  shift 130
	'-'  shift 131
	'*'  shift 132
	'/'  shift 133
	'%'  shift 134
	'>'  shift 135
	'<'  shift 136
	'.'  shift 137
	'['  shift 138
	','  reduce 73
	';'  reduce 73
	')'  reduce 73
	']'  reduce 73
	':'  reduce 73


116: shift/reduce conflict (shift 124, reduce 74) on AND
116: shift/reduce conflict (shift 125, reduce 74) on OR
116: shift/reduce conflict (shift 126, reduce 74) on LESS_EQUAL
116: shift/reduce conflict (shift 127, reduce 74) on GREATER_EQUAL
116: shift/reduce conflict (shift 128, reduce 74) on EQUAL
116: shift/reduce conflict (shift 129, reduce 74) on NOT_EQUAL
116: shift/reduce conflict (shift 130, reduce 74) on '+'
116: shift/reduce conflict (shift 131, reduce 74) on '-'
116: shift/reduce conflict (shift 132, reduce 74) on '*'
116: shift/reduce conflict (shift 133, reduce 74) on '/'
116: shift/reduce conflict (shift 134, reduce 74) on '%'
116: shift/reduce conflict (shift 135, reduce 74) on '>'
116: shift/reduce conflict (shift 136, reduce 74) on '<'
116: shift/reduce conflict (shift 137, reduce 74) on '.'
116: shift/reduce conflict (shift 138, reduce 74) on '['
state 116
	Receiver : Expr . '.'  (42)
	LValue : Expr . '[' Expr ']'  (45)
	Expr : Expr . '+' Expr  (50)
	Expr : Expr . '-' Expr  (51)
	Expr : Expr . '*' Expr  (52)
	Expr : Expr . '/' Expr  (53)
	Expr : Expr . '%' Expr  (54)
	Expr : Expr . EQUAL Expr  (55)
	Expr : Expr . NOT_EQUAL Expr  (56)
	Expr : Expr . '<' Expr  (57)
	Expr : Expr . '>' Expr  (58)
	Expr : Expr . LESS_EQUAL Expr  (59)
	Expr : Expr . GREATER_EQUAL Expr  (60)
	Expr : Expr . AND Expr  (61)
	Expr : Expr . OR Expr  (62)
	Expr : '@' Expr .  (74)

	AND  shift 124
	OR  shift 125
	LESS_EQUAL  shift 126
	GREATER_EQUAL  shift 127
	EQUAL  shift 128
	NOT_EQUAL  shift 129
	'+'  shift 130
	'-'  shift 131
	'*'  shift 132
	'/'  shift 133
	'%'  shift 134
	'>'  shift 135
	'<'  shift 136
	'.'  shift 137
	'['  shift 138
	','  reduce 74
	';'  reduce 74
	')'  reduce 74
	']'  reduce 74
	':'  reduce 74


117: shift/reduce conflict (shift 124, reduce 75) on AND
117: shift/reduce conflict (shift 125, reduce 75) on OR
117: shift/reduce conflict (shift 126, reduce 75) on LESS_EQUAL
117: shift/reduce conflict (shift 127, reduce 75) on GREATER_EQUAL
117: shift/reduce conflict (shift 128, reduce 75) on EQUAL
117: shift/reduce conflict (shift 129, reduce 75) on NOT_EQUAL
117: shift/reduce conflict (shift 130, reduce 75) on '+'
117: shift/reduce conflict (shift 131, reduce 75) on '-'
117: shift/reduce conflict (shift 132, reduce 75) on '*'
117: shift/reduce conflict (shift 133, reduce 75) on '/'
117: shift/reduce conflict (shift 134, reduce 75) on '%'
117: shift/reduce conflict (shift 135, reduce 75) on '>'
117: shift/reduce conflict (shift 136, reduce 75) on '<'
117: shift/reduce conflict (shift 137, reduce 75) on '.'
117: shift/reduce conflict (shift 138, reduce 75) on '['
state 117
	Receiver : Expr . '.'  (42)
	LValue : Expr . '[' Expr ']'  (45)
	Expr : Expr . '+' Expr  (50)
	Expr : Expr . '-' Expr  (51)
	Expr : Expr . '*' Expr  (52)
	Expr : Expr . '/' Expr  (53)
	Expr : Expr . '%' Expr  (54)
	Expr : Expr . EQUAL Expr  (55)
	Expr : Expr . NOT_EQUAL Expr  (56)
	Expr : Expr . '<' Expr  (57)
	Expr : Expr . '>' Expr  (58)
	Expr : Expr . LESS_EQUAL Expr  (59)
	Expr : Expr . GREATER_EQUAL Expr  (60)
	Expr : Expr . AND Expr  (61)
	Expr : Expr . OR Expr  (62)
	Expr : '$' Expr .  (75)

	AND  shift 124
	OR  shift 125
	LESS_EQUAL  shift 126
	GREATER_EQUAL  shift 127
	EQUAL  shift 128
	NOT_EQUAL  shift 129
	'+'  shift 130
	'-'  shift 131
	'*'  shift 132
	'/'  shift 133
	'%'  shift 134
	'>'  shift 135
	'<'  shift 136
	'.'  shift 137
	'['  shift 138
	','  reduce 75
	';'  reduce 75
	')'  reduce 75
	']'  reduce 75
	':'  reduce 75


state 118
	Stmt : SimpleStmt ';' .  (29)

	.  reduce 29


state 119
	Stmt : ReturnStmt ';' .  (33)

	.  reduce 33


state 120
	Stmt : PrintStmt ';' .  (34)

	.  reduce 34


state 121
	Stmt : PrintCompStmt ';' .  (35)

	.  reduce 35


state 122
	Stmt : BreakStmt ';' .  (36)

	.  reduce 36


state 123
	SimpleStmt : LValue '=' . Expr  (39)
	Receiver : .  (43)

	NULL  shift 47
	THIS  shift 48
	NEW  shift 54
	READ_INTEGER  shift 56
	READ_LINE  shift 57
	LITERAL  shift 58
	INSTANCEOF  shift 59
	'-'  shift 60
	'!'  shift 61
	'('  shift 62
	CASE  shift 64
	SUPER  shift 65
	SCOPY  shift 66
	DCOPY  shift 67
	'#'  shift 70
	'@'  shift 71
	'$'  shift 72
	IDENTIFIER  reduce 43

	LValue  goto 94
	Expr  goto 161
	Call  goto 96
	Receiver  goto 88
	Constant  goto 89
	CaseExpr  goto 90


state 124
	Expr : Expr AND . Expr  (61)
	Receiver : .  (43)

	NULL  shift 47
	THIS  shift 48
	NEW  shift 54
	READ_INTEGER  shift 56
	READ_LINE  shift 57
	LITERAL  shift 58
	INSTANCEOF  shift 59
	'-'  shift 60
	'!'  shift 61
	'('  shift 62
	CASE  shift 64
	SUPER  shift 65
	SCOPY  shift 66
	DCOPY  shift 67
	'#'  shift 70
	'@'  shift 71
	'$'  shift 72
	IDENTIFIER  reduce 43

	LValue  goto 94
	Expr  goto 162
	Call  goto 96
	Receiver  goto 88
	Constant  goto 89
	CaseExpr  goto 90


state 125
	Expr : Expr OR . Expr  (62)
	Receiver : .  (43)

	NULL  shift 47
	THIS  shift 48
	NEW  shift 54
	READ_INTEGER  shift 56
	READ_LINE  shift 57
	LITERAL  shift 58
	INSTANCEOF  shift 59
	'-'  shift 60
	'!'  shift 61
	'('  shift 62
	CASE  shift 64
	SUPER  shift 65
	SCOPY  shift 66
	DCOPY  shift 67
	'#'  shift 70
	'@'  shift 71
	'$'  shift 72
	IDENTIFIER  reduce 43

	LValue  goto 94
	Expr  goto 163
	Call  goto 96
	Receiver  goto 88
	Constant  goto 89
	CaseExpr  goto 90


state 126
	Expr : Expr LESS_EQUAL . Expr  (59)
	Receiver : .  (43)

	NULL  shift 47
	THIS  shift 48
	NEW  shift 54
	READ_INTEGER  shift 56
	READ_LINE  shift 57
	LITERAL  shift 58
	INSTANCEOF  shift 59
	'-'  shift 60
	'!'  shift 61
	'('  shift 62
	CASE  shift 64
	SUPER  shift 65
	SCOPY  shift 66
	DCOPY  shift 67
	'#'  shift 70
	'@'  shift 71
	'$'  shift 72
	IDENTIFIER  reduce 43

	LValue  goto 94
	Expr  goto 164
	Call  goto 96
	Receiver  goto 88
	Constant  goto 89
	CaseExpr  goto 90


state 127
	Expr : Expr GREATER_EQUAL . Expr  (60)
	Receiver : .  (43)

	NULL  shift 47
	THIS  shift 48
	NEW  shift 54
	READ_INTEGER  shift 56
	READ_LINE  shift 57
	LITERAL  shift 58
	INSTANCEOF  shift 59
	'-'  shift 60
	'!'  shift 61
	'('  shift 62
	CASE  shift 64
	SUPER  shift 65
	SCOPY  shift 66
	DCOPY  shift 67
	'#'  shift 70
	'@'  shift 71
	'$'  shift 72
	IDENTIFIER  reduce 43

	LValue  goto 94
	Expr  goto 165
	Call  goto 96
	Receiver  goto 88
	Constant  goto 89
	CaseExpr  goto 90


state 128
	Expr : Expr EQUAL . Expr  (55)
	Receiver : .  (43)

	NULL  shift 47
	THIS  shift 48
	NEW  shift 54
	READ_INTEGER  shift 56
	READ_LINE  shift 57
	LITERAL  shift 58
	INSTANCEOF  shift 59
	'-'  shift 60
	'!'  shift 61
	'('  shift 62
	CASE  shift 64
	SUPER  shift 65
	SCOPY  shift 66
	DCOPY  shift 67
	'#'  shift 70
	'@'  shift 71
	'$'  shift 72
	IDENTIFIER  reduce 43

	LValue  goto 94
	Expr  goto 166
	Call  goto 96
	Receiver  goto 88
	Constant  goto 89
	CaseExpr  goto 90


state 129
	Expr : Expr NOT_EQUAL . Expr  (56)
	Receiver : .  (43)

	NULL  shift 47
	THIS  shift 48
	NEW  shift 54
	READ_INTEGER  shift 56
	READ_LINE  shift 57
	LITERAL  shift 58
	INSTANCEOF  shift 59
	'-'  shift 60
	'!'  shift 61
	'('  shift 62
	CASE  shift 64
	SUPER  shift 65
	SCOPY  shift 66
	DCOPY  shift 67
	'#'  shift 70
	'@'  shift 71
	'$'  shift 72
	IDENTIFIER  reduce 43

	LValue  goto 94
	Expr  goto 167
	Call  goto 96
	Receiver  goto 88
	Constant  goto 89
	CaseExpr  goto 90


state 130
	Expr : Expr '+' . Expr  (50)
	Receiver : .  (43)

	NULL  shift 47
	THIS  shift 48
	NEW  shift 54
	READ_INTEGER  shift 56
	READ_LINE  shift 57
	LITERAL  shift 58
	INSTANCEOF  shift 59
	'-'  shift 60
	'!'  shift 61
	'('  shift 62
	CASE  shift 64
	SUPER  shift 65
	SCOPY  shift 66
	DCOPY  shift 67
	'#'  shift 70
	'@'  shift 71
	'$'  shift 72
	IDENTIFIER  reduce 43

	LValue  goto 94
	Expr  goto 168
	Call  goto 96
	Receiver  goto 88
	Constant  goto 89
	CaseExpr  goto 90


state 131
	Expr : Expr '-' . Expr  (51)
	Receiver : .  (43)

	NULL  shift 47
	THIS  shift 48
	NEW  shift 54
	READ_INTEGER  shift 56
	READ_LINE  shift 57
	LITERAL  shift 58
	INSTANCEOF  shift 59
	'-'  shift 60
	'!'  shift 61
	'('  shift 62
	CASE  shift 64
	SUPER  shift 65
	SCOPY  shift 66
	DCOPY  shift 67
	'#'  shift 70
	'@'  shift 71
	'$'  shift 72
	IDENTIFIER  reduce 43

	LValue  goto 94
	Expr  goto 169
	Call  goto 96
	Receiver  goto 88
	Constant  goto 89
	CaseExpr  goto 90


state 132
	Expr : Expr '*' . Expr  (52)
	Receiver : .  (43)

	NULL  shift 47
	THIS  shift 48
	NEW  shift 54
	READ_INTEGER  shift 56
	READ_LINE  shift 57
	LITERAL  shift 58
	INSTANCEOF  shift 59
	'-'  shift 60
	'!'  shift 61
	'('  shift 62
	CASE  shift 64
	SUPER  shift 65
	SCOPY  shift 66
	DCOPY  shift 67
	'#'  shift 70
	'@'  shift 71
	'$'  shift 72
	IDENTIFIER  reduce 43

	LValue  goto 94
	Expr  goto 170
	Call  goto 96
	Receiver  goto 88
	Constant  goto 89
	CaseExpr  goto 90


state 133
	Expr : Expr '/' . Expr  (53)
	Receiver : .  (43)

	NULL  shift 47
	THIS  shift 48
	NEW  shift 54
	READ_INTEGER  shift 56
	READ_LINE  shift 57
	LITERAL  shift 58
	INSTANCEOF  shift 59
	'-'  shift 60
	'!'  shift 61
	'('  shift 62
	CASE  shift 64
	SUPER  shift 65
	SCOPY  shift 66
	DCOPY  shift 67
	'#'  shift 70
	'@'  shift 71
	'$'  shift 72
	IDENTIFIER  reduce 43

	LValue  goto 94
	Expr  goto 171
	Call  goto 96
	Receiver  goto 88
	Constant  goto 89
	CaseExpr  goto 90


state 134
	Expr : Expr '%' . Expr  (54)
	Receiver : .  (43)

	NULL  shift 47
	THIS  shift 48
	NEW  shift 54
	READ_INTEGER  shift 56
	READ_LINE  shift 57
	LITERAL  shift 58
	INSTANCEOF  shift 59
	'-'  shift 60
	'!'  shift 61
	'('  shift 62
	CASE  shift 64
	SUPER  shift 65
	SCOPY  shift 66
	DCOPY  shift 67
	'#'  shift 70
	'@'  shift 71
	'$'  shift 72
	IDENTIFIER  reduce 43

	LValue  goto 94
	Expr  goto 172
	Call  goto 96
	Receiver  goto 88
	Constant  goto 89
	CaseExpr  goto 90


state 135
	Expr : Expr '>' . Expr  (58)
	Receiver : .  (43)

	NULL  shift 47
	THIS  shift 48
	NEW  shift 54
	READ_INTEGER  shift 56
	READ_LINE  shift 57
	LITERAL  shift 58
	INSTANCEOF  shift 59
	'-'  shift 60
	'!'  shift 61
	'('  shift 62
	CASE  shift 64
	SUPER  shift 65
	SCOPY  shift 66
	DCOPY  shift 67
	'#'  shift 70
	'@'  shift 71
	'$'  shift 72
	IDENTIFIER  reduce 43

	LValue  goto 94
	Expr  goto 173
	Call  goto 96
	Receiver  goto 88
	Constant  goto 89
	CaseExpr  goto 90


state 136
	Expr : Expr '<' . Expr  (57)
	Receiver : .  (43)

	NULL  shift 47
	THIS  shift 48
	NEW  shift 54
	READ_INTEGER  shift 56
	READ_LINE  shift 57
	LITERAL  shift 58
	INSTANCEOF  shift 59
	'-'  shift 60
	'!'  shift 61
	'('  shift 62
	CASE  shift 64
	SUPER  shift 65
	SCOPY  shift 66
	DCOPY  shift 67
	'#'  shift 70
	'@'  shift 71
	'$'  shift 72
	IDENTIFIER  reduce 43

	LValue  goto 94
	Expr  goto 174
	Call  goto 96
	Receiver  goto 88
	Constant  goto 89
	CaseExpr  goto 90


state 137
	Receiver : Expr '.' .  (42)

	.  reduce 42


state 138
	LValue : Expr '[' . Expr ']'  (45)
	Receiver : .  (43)

	NULL  shift 47
	THIS  shift 48
	NEW  shift 54
	READ_INTEGER  shift 56
	READ_LINE  shift 57
	LITERAL  shift 58
	INSTANCEOF  shift 59
	'-'  shift 60
	'!'  shift 61
	'('  shift 62
	CASE  shift 64
	SUPER  shift 65
	SCOPY  shift 66
	DCOPY  shift 67
	'#'  shift 70
	'@'  shift 71
	'$'  shift 72
	IDENTIFIER  reduce 43

	LValue  goto 94
	Expr  goto 175
	Call  goto 96
	Receiver  goto 88
	Constant  goto 89
	CaseExpr  goto 90


state 139
	LValue : Receiver IDENTIFIER .  (44)
	Call : Receiver IDENTIFIER . '(' Actuals ')'  (46)

	'('  shift 176
	AND  reduce 44
	OR  reduce 44
	LESS_EQUAL  reduce 44
	GREATER_EQUAL  reduce 44
	EQUAL  reduce 44
	NOT_EQUAL  reduce 44
	'+'  reduce 44
	'-'  reduce 44
	'*'  reduce 44
	'/'  reduce 44
	'%'  reduce 44
	'='  reduce 44
	'>'  reduce 44
	'<'  reduce 44
	'.'  reduce 44
	','  reduce 44
	';'  reduce 44
	')'  reduce 44
	'['  reduce 44
	']'  reduce 44
	':'  reduce 44


state 140
	Receiver : Expr . '.'  (42)
	LValue : Expr . '[' Expr ']'  (45)
	Expr : Expr . '+' Expr  (50)
	Expr : Expr . '-' Expr  (51)
	Expr : Expr . '*' Expr  (52)
	Expr : Expr . '/' Expr  (53)
	Expr : Expr . '%' Expr  (54)
	Expr : Expr . EQUAL Expr  (55)
	Expr : Expr . NOT_EQUAL Expr  (56)
	Expr : Expr . '<' Expr  (57)
	Expr : Expr . '>' Expr  (58)
	Expr : Expr . LESS_EQUAL Expr  (59)
	Expr : Expr . GREATER_EQUAL Expr  (60)
	Expr : Expr . AND Expr  (61)
	Expr : Expr . OR Expr  (62)
	WhileStmt : WHILE '(' Expr . ')' Stmt  (86)

	AND  shift 124
	OR  shift 125
	LESS_EQUAL  shift 126
	GREATER_EQUAL  shift 127
	EQUAL  shift 128
	NOT_EQUAL  shift 129
	'+'  shift 130
	'-'  shift 131
	'*'  shift 132
	'/'  shift 133
	'%'  shift 134
	'>'  shift 135
	'<'  shift 136
	'.'  shift 137
	')'  shift 177
	'['  shift 138
	.  error


state 141
	ForStmt : FOR '(' SimpleStmt . ';' Expr ';' SimpleStmt ')' Stmt  (87)

	';'  shift 178
	.  error


state 142
	Receiver : Expr . '.'  (42)
	LValue : Expr . '[' Expr ']'  (45)
	Expr : Expr . '+' Expr  (50)
	Expr : Expr . '-' Expr  (51)
	Expr : Expr . '*' Expr  (52)
	Expr : Expr . '/' Expr  (53)
	Expr : Expr . '%' Expr  (54)
	Expr : Expr . EQUAL Expr  (55)
	Expr : Expr . NOT_EQUAL Expr  (56)
	Expr : Expr . '<' Expr  (57)
	Expr : Expr . '>' Expr  (58)
	Expr : Expr . LESS_EQUAL Expr  (59)
	Expr : Expr . GREATER_EQUAL Expr  (60)
	Expr : Expr . AND Expr  (61)
	Expr : Expr . OR Expr  (62)
	IfStmt : IF '(' Expr . ')' Stmt ElseClause  (89)

	AND  shift 124
	OR  shift 125
	LESS_EQUAL  shift 126
	GREATER_EQUAL  shift 127
	EQUAL  shift 128
	NOT_EQUAL  shift 129
	'+'  shift 130
	'-'  shift 131
	'*'  shift 132
	'/'  shift 133
	'%'  shift 134
	'>'  shift 135
	'<'  shift 136
	'.'  shift 137
	')'  shift 179
	'['  shift 138
	.  error


state 143
	Expr : NEW IDENTIFIER '(' . ')'  (69)

	')'  shift 180
	.  error


state 144
	Type : Type '[' . ']'  (12)
	Expr : NEW Type '[' . Expr ']'  (70)
	Receiver : .  (43)

	NULL  shift 47
	THIS  shift 48
	NEW  shift 54
	READ_INTEGER  shift 56
	READ_LINE  shift 57
	LITERAL  shift 58
	INSTANCEOF  shift 59
	'-'  shift 60
	'!'  shift 61
	'('  shift 62
	']'  shift 31
	CASE  shift 64
	SUPER  shift 65
	SCOPY  shift 66
	DCOPY  shift 67
	'#'  shift 70
	'@'  shift 71
	'$'  shift 72
	IDENTIFIER  reduce 43

	LValue  goto 94
	Expr  goto 181
	Call  goto 96
	Receiver  goto 88
	Constant  goto 89
	CaseExpr  goto 90


state 145
	Receiver : Expr . '.'  (42)
	LValue : Expr . '[' Expr ']'  (45)
	Expr : Expr . '+' Expr  (50)
	Expr : Expr . '-' Expr  (51)
	Expr : Expr . '*' Expr  (52)
	Expr : Expr . '/' Expr  (53)
	Expr : Expr . '%' Expr  (54)
	Expr : Expr . EQUAL Expr  (55)
	Expr : Expr . NOT_EQUAL Expr  (56)
	Expr : Expr . '<' Expr  (57)
	Expr : Expr . '>' Expr  (58)
	Expr : Expr . LESS_EQUAL Expr  (59)
	Expr : Expr . GREATER_EQUAL Expr  (60)
	Expr : Expr . AND Expr  (61)
	Expr : Expr . OR Expr  (62)
	ExprList : Expr .  (85)

	AND  shift 124
	OR  shift 125
	LESS_EQUAL  shift 126
	GREATER_EQUAL  shift 127
	EQUAL  shift 128
	NOT_EQUAL  shift 129
	'+'  shift 130
	'-'  shift 131
	'*'  shift 132
	'/'  shift 133
	'%'  shift 134
	'>'  shift 135
	'<'  shift 136
	'.'  shift 137
	'['  shift 138
	','  reduce 85
	')'  reduce 85


state 146
	ExprList : ExprList . ',' Expr  (84)
	PrintStmt : PRINT '(' ExprList . ')'  (94)

	','  shift 182
	')'  shift 183
	.  error


state 147
	Expr : READ_INTEGER '(' ')' .  (66)

	.  reduce 66


state 148
	Expr : READ_LINE '(' ')' .  (67)

	.  reduce 67


state 149
	Receiver : Expr . '.'  (42)
	LValue : Expr . '[' Expr ']'  (45)
	Expr : Expr . '+' Expr  (50)
	Expr : Expr . '-' Expr  (51)
	Expr : Expr . '*' Expr  (52)
	Expr : Expr . '/' Expr  (53)
	Expr : Expr . '%' Expr  (54)
	Expr : Expr . EQUAL Expr  (55)
	Expr : Expr . NOT_EQUAL Expr  (56)
	Expr : Expr . '<' Expr  (57)
	Expr : Expr . '>' Expr  (58)
	Expr : Expr . LESS_EQUAL Expr  (59)
	Expr : Expr . GREATER_EQUAL Expr  (60)
	Expr : Expr . AND Expr  (61)
	Expr : Expr . OR Expr  (62)
	Expr : INSTANCEOF '(' Expr . ',' IDENTIFIER ')'  (71)

	AND  shift 124
	OR  shift 125
	LESS_EQUAL  shift 126
	GREATER_EQUAL  shift 127
	EQUAL  shift 128
	NOT_EQUAL  shift 129
	'+'  shift 130
	'-'  shift 131
	'*'  shift 132
	'/'  shift 133
	'%'  shift 134
	'>'  shift 135
	'<'  shift 136
	'.'  shift 137
	','  shift 184
	'['  shift 138
	.  error


state 150
	Expr : '(' CLASS IDENTIFIER . ')' Expr  (72)

	')'  shift 185
	.  error


state 151
	Expr : '(' Expr ')' .  (63)

	.  reduce 63


state 152
	Receiver : Expr . '.'  (42)
	LValue : Expr . '[' Expr ']'  (45)
	Expr : Expr . '+' Expr  (50)
	Expr : Expr . '-' Expr  (51)
	Expr : Expr . '*' Expr  (52)
	Expr : Expr . '/' Expr  (53)
	Expr : Expr . '%' Expr  (54)
	Expr : Expr . EQUAL Expr  (55)
	Expr : Expr . NOT_EQUAL Expr  (56)
	Expr : Expr . '<' Expr  (57)
	Expr : Expr . '>' Expr  (58)
	Expr : Expr . LESS_EQUAL Expr  (59)
	Expr : Expr . GREATER_EQUAL Expr  (60)
	Expr : Expr . AND Expr  (61)
	Expr : Expr . OR Expr  (62)
	CaseExpr : CASE '(' Expr . ')' '{' CaseList DefaultExpr '}'  (96)

	AND  shift 124
	OR  shift 125
	LESS_EQUAL  shift 126
	GREATER_EQUAL  shift 127
	EQUAL  shift 128
	NOT_EQUAL  shift 129
	'+'  shift 130
	'-'  shift 131
	'*'  shift 132
	'/'  shift 133
	'%'  shift 134
	'>'  shift 135
	'<'  shift 136
	'.'  shift 137
	')'  shift 186
	'['  shift 138
	.  error


state 153
	Receiver : Expr . '.'  (42)
	LValue : Expr . '[' Expr ']'  (45)
	Expr : Expr . '+' Expr  (50)
	Expr : Expr . '-' Expr  (51)
	Expr : Expr . '*' Expr  (52)
	Expr : Expr . '/' Expr  (53)
	Expr : Expr . '%' Expr  (54)
	Expr : Expr . EQUAL Expr  (55)
	Expr : Expr . NOT_EQUAL Expr  (56)
	Expr : Expr . '<' Expr  (57)
	Expr : Expr . '>' Expr  (58)
	Expr : Expr . LESS_EQUAL Expr  (59)
	Expr : Expr . GREATER_EQUAL Expr  (60)
	Expr : Expr . AND Expr  (61)
	Expr : Expr . OR Expr  (62)
	Expr : SCOPY '(' Expr . ')'  (77)

	AND  shift 124
	OR  shift 125
	LESS_EQUAL  shift 126
	GREATER_EQUAL  shift 127
	EQUAL  shift 128
	NOT_EQUAL  shift 129
	'+'  shift 130
	'-'  shift 131
	'*'  shift 132
	'/'  shift 133
	'%'  shift 134
	'>'  shift 135
	'<'  shift 136
	'.'  shift 137
	')'  shift 187
	'['  shift 138
	.  error


state 154
	Receiver : Expr . '.'  (42)
	LValue : Expr . '[' Expr ']'  (45)
	Expr : Expr . '+' Expr  (50)
	Expr : Expr . '-' Expr  (51)
	Expr : Expr . '*' Expr  (52)
	Expr : Expr . '/' Expr  (53)
	Expr : Expr . '%' Expr  (54)
	Expr : Expr . EQUAL Expr  (55)
	Expr : Expr . NOT_EQUAL Expr  (56)
	Expr : Expr . '<' Expr  (57)
	Expr : Expr . '>' Expr  (58)
	Expr : Expr . LESS_EQUAL Expr  (59)
	Expr : Expr . GREATER_EQUAL Expr  (60)
	Expr : Expr . AND Expr  (61)
	Expr : Expr . OR Expr  (62)
	Expr : DCOPY '(' Expr . ')'  (76)

	AND  shift 124
	OR  shift 125
	LESS_EQUAL  shift 126
	GREATER_EQUAL  shift 127
	EQUAL  shift 128
	NOT_EQUAL  shift 129
	'+'  shift 130
	'-'  shift 131
	'*'  shift 132
	'/'  shift 133
	'%'  shift 134
	'>'  shift 135
	'<'  shift 136
	'.'  shift 137
	')'  shift 188
	'['  shift 138
	.  error


state 155
	ExprList : ExprList . ',' Expr  (84)
	PrintCompStmt : PRINTCOMP '(' ExprList . ')'  (95)

	','  shift 182
	')'  shift 189
	.  error


state 156
	DoSubStmt : Expr ':' . Stmt  (107)
	SimpleStmt : .  (41)
	Receiver : .  (43)

	VOID  shift 12
	BOOL  shift 13
	INT  shift 14
	STRING  shift 15
	CLASS  shift 16
	NULL  shift 47
	THIS  shift 48
	WHILE  shift 49
	FOR  shift 50
	IF  shift 51
	RETURN  shift 52
	BREAK  shift 53
	NEW  shift 54
	PRINT  shift 55
	READ_INTEGER  shift 56
	READ_LINE  shift 57
	LITERAL  shift 58
	INSTANCEOF  shift 59
	'-'  shift 60
	'!'  shift 61
	'('  shift 62
	'{'  shift 42
	CASE  shift 64
	SUPER  shift 65
	SCOPY  shift 66
	DCOPY  shift 67
	PRINTCOMP  shift 68
	COMPLEX  shift 19
	DO  shift 69
	'#'  shift 70
	'@'  shift 71
	'$'  shift 72
	IDENTIFIER  reduce 43
	';'  reduce 41

	VariableDef  goto 73
	Variable  goto 21
	Type  goto 34
	StmtBlock  goto 74
	Stmt  goto 190
	SimpleStmt  goto 76
	IfStmt  goto 77
	WhileStmt  goto 78
	ForStmt  goto 79
	ReturnStmt  goto 80
	PrintStmt  goto 81
	PrintCompStmt  goto 82
	BreakStmt  goto 83
	DoStmt  goto 84
	LValue  goto 85
	Expr  goto 86
	Call  goto 87
	Receiver  goto 88
	Constant  goto 89
	CaseExpr  goto 90


state 157
	DoStmt : DO DoBranchList DoSubStmt . OD  (102)
	DoBranch : DoSubStmt . BRAN  (106)

	OD  shift 191
	BRAN  shift 160
	.  error


state 158
	DoBranchList : DoBranchList DoBranch .  (104)

	.  reduce 104


state 159
	DoStmt : DO DoSubStmt OD .  (103)

	.  reduce 103


state 160
	DoBranch : DoSubStmt BRAN .  (106)

	.  reduce 106


state 161
	SimpleStmt : LValue '=' Expr .  (39)
	Receiver : Expr . '.'  (42)
	LValue : Expr . '[' Expr ']'  (45)
	Expr : Expr . '+' Expr  (50)
	Expr : Expr . '-' Expr  (51)
	Expr : Expr . '*' Expr  (52)
	Expr : Expr . '/' Expr  (53)
	Expr : Expr . '%' Expr  (54)
	Expr : Expr . EQUAL Expr  (55)
	Expr : Expr . NOT_EQUAL Expr  (56)
	Expr : Expr . '<' Expr  (57)
	Expr : Expr . '>' Expr  (58)
	Expr : Expr . LESS_EQUAL Expr  (59)
	Expr : Expr . GREATER_EQUAL Expr  (60)
	Expr : Expr . AND Expr  (61)
	Expr : Expr . OR Expr  (62)

	AND  shift 124
	OR  shift 125
	LESS_EQUAL  shift 126
	GREATER_EQUAL  shift 127
	EQUAL  shift 128
	NOT_EQUAL  shift 129
	'+'  shift 130
	'-'  shift 131
	'*'  shift 132
	'/'  shift 133
	'%'  shift 134
	'>'  shift 135
	'<'  shift 136
	'.'  shift 137
	'['  shift 138
	';'  reduce 39
	')'  reduce 39


state 162
	Receiver : Expr . '.'  (42)
	LValue : Expr . '[' Expr ']'  (45)
	Expr : Expr . '+' Expr  (50)
	Expr : Expr . '-' Expr  (51)
	Expr : Expr . '*' Expr  (52)
	Expr : Expr . '/' Expr  (53)
	Expr : Expr . '%' Expr  (54)
	Expr : Expr . EQUAL Expr  (55)
	Expr : Expr . NOT_EQUAL Expr  (56)
	Expr : Expr . '<' Expr  (57)
	Expr : Expr . '>' Expr  (58)
	Expr : Expr . LESS_EQUAL Expr  (59)
	Expr : Expr . GREATER_EQUAL Expr  (60)
	Expr : Expr . AND Expr  (61)
	Expr : Expr AND Expr .  (61)
	Expr : Expr . OR Expr  (62)

	LESS_EQUAL  shift 126
	GREATER_EQUAL  shift 127
	EQUAL  shift 128
	NOT_EQUAL  shift 129
	'+'  shift 130
	'-'  shift 131
	'*'  shift 132
	'/'  shift 133
	'%'  shift 134
	'>'  shift 135
	'<'  shift 136
	'.'  shift 137
	'['  shift 138
	AND  reduce 61
	OR  reduce 61
	','  reduce 61
	';'  reduce 61
	')'  reduce 61
	']'  reduce 61
	':'  reduce 61


state 163
	Receiver : Expr . '.'  (42)
	LValue : Expr . '[' Expr ']'  (45)
	Expr : Expr . '+' Expr  (50)
	Expr : Expr . '-' Expr  (51)
	Expr : Expr . '*' Expr  (52)
	Expr : Expr . '/' Expr  (53)
	Expr : Expr . '%' Expr  (54)
	Expr : Expr . EQUAL Expr  (55)
	Expr : Expr . NOT_EQUAL Expr  (56)
	Expr : Expr . '<' Expr  (57)
	Expr : Expr . '>' Expr  (58)
	Expr : Expr . LESS_EQUAL Expr  (59)
	Expr : Expr . GREATER_EQUAL Expr  (60)
	Expr : Expr . AND Expr  (61)
	Expr : Expr . OR Expr  (62)
	Expr : Expr OR Expr .  (62)

	AND  shift 124
	LESS_EQUAL  shift 126
	GREATER_EQUAL  shift 127
	EQUAL  shift 128
	NOT_EQUAL  shift 129
	'+'  shift 130
	'-'  shift 131
	'*'  shift 132
	'/'  shift 133
	'%'  shift 134
	'>'  shift 135
	'<'  shift 136
	'.'  shift 137
	'['  shift 138
	OR  reduce 62
	','  reduce 62
	';'  reduce 62
	')'  reduce 62
	']'  reduce 62
	':'  reduce 62


state 164
	Receiver : Expr . '.'  (42)
	LValue : Expr . '[' Expr ']'  (45)
	Expr : Expr . '+' Expr  (50)
	Expr : Expr . '-' Expr  (51)
	Expr : Expr . '*' Expr  (52)
	Expr : Expr . '/' Expr  (53)
	Expr : Expr . '%' Expr  (54)
	Expr : Expr . EQUAL Expr  (55)
	Expr : Expr . NOT_EQUAL Expr  (56)
	Expr : Expr . '<' Expr  (57)
	Expr : Expr . '>' Expr  (58)
	Expr : Expr . LESS_EQUAL Expr  (59)
	Expr : Expr LESS_EQUAL Expr .  (59)
	Expr : Expr . GREATER_EQUAL Expr  (60)
	Expr : Expr . AND Expr  (61)
	Expr : Expr . OR Expr  (62)

	'+'  shift 130
	'-'  shift 131
	'*'  shift 132
	'/'  shift 133
	'%'  shift 134
	'.'  shift 137
	'['  shift 138
	AND  reduce 59
	OR  reduce 59
	EQUAL  reduce 59
	NOT_EQUAL  reduce 59
	','  reduce 59
	';'  reduce 59
	')'  reduce 59
	']'  reduce 59
	':'  reduce 59


state 165
	Receiver : Expr . '.'  (42)
	LValue : Expr . '[' Expr ']'  (45)
	Expr : Expr . '+' Expr  (50)
	Expr : Expr . '-' Expr  (51)
	Expr : Expr . '*' Expr  (52)
	Expr : Expr . '/' Expr  (53)
	Expr : Expr . '%' Expr  (54)
	Expr : Expr . EQUAL Expr  (55)
	Expr : Expr . NOT_EQUAL Expr  (56)
	Expr : Expr . '<' Expr  (57)
	Expr : Expr . '>' Expr  (58)
	Expr : Expr . LESS_EQUAL Expr  (59)
	Expr : Expr . GREATER_EQUAL Expr  (60)
	Expr : Expr GREATER_EQUAL Expr .  (60)
	Expr : Expr . AND Expr  (61)
	Expr : Expr . OR Expr  (62)

	'+'  shift 130
	'-'  shift 131
	'*'  shift 132
	'/'  shift 133
	'%'  shift 134
	'.'  shift 137
	'['  shift 138
	AND  reduce 60
	OR  reduce 60
	EQUAL  reduce 60
	NOT_EQUAL  reduce 60
	','  reduce 60
	';'  reduce 60
	')'  reduce 60
	']'  reduce 60
	':'  reduce 60


state 166
	Receiver : Expr . '.'  (42)
	LValue : Expr . '[' Expr ']'  (45)
	Expr : Expr . '+' Expr  (50)
	Expr : Expr . '-' Expr  (51)
	Expr : Expr . '*' Expr  (52)
	Expr : Expr . '/' Expr  (53)
	Expr : Expr . '%' Expr  (54)
	Expr : Expr . EQUAL Expr  (55)
	Expr : Expr EQUAL Expr .  (55)
	Expr : Expr . NOT_EQUAL Expr  (56)
	Expr : Expr . '<' Expr  (57)
	Expr : Expr . '>' Expr  (58)
	Expr : Expr . LESS_EQUAL Expr  (59)
	Expr : Expr . GREATER_EQUAL Expr  (60)
	Expr : Expr . AND Expr  (61)
	Expr : Expr . OR Expr  (62)

	LESS_EQUAL  shift 126
	GREATER_EQUAL  shift 127
	'+'  shift 130
	'-'  shift 131
	'*'  shift 132
	'/'  shift 133
	'%'  shift 134
	'>'  shift 135
	'<'  shift 136
	'.'  shift 137
	'['  shift 138
	AND  reduce 55
	OR  reduce 55
	','  reduce 55
	';'  reduce 55
	')'  reduce 55
	']'  reduce 55
	':'  reduce 55


state 167
	Receiver : Expr . '.'  (42)
	LValue : Expr . '[' Expr ']'  (45)
	Expr : Expr . '+' Expr  (50)
	Expr : Expr . '-' Expr  (51)
	Expr : Expr . '*' Expr  (52)
	Expr : Expr . '/' Expr  (53)
	Expr : Expr . '%' Expr  (54)
	Expr : Expr . EQUAL Expr  (55)
	Expr : Expr . NOT_EQUAL Expr  (56)
	Expr : Expr NOT_EQUAL Expr .  (56)
	Expr : Expr . '<' Expr  (57)
	Expr : Expr . '>' Expr  (58)
	Expr : Expr . LESS_EQUAL Expr  (59)
	Expr : Expr . GREATER_EQUAL Expr  (60)
	Expr : Expr . AND Expr  (61)
	Expr : Expr . OR Expr  (62)

	LESS_EQUAL  shift 126
	GREATER_EQUAL  shift 127
	'+'  shift 130
	'-'  shift 131
	'*'  shift 132
	'/'  shift 133
	'%'  shift 134
	'>'  shift 135
	'<'  shift 136
	'.'  shift 137
	'['  shift 138
	AND  reduce 56
	OR  reduce 56
	','  reduce 56
	';'  reduce 56
	')'  reduce 56
	']'  reduce 56
	':'  reduce 56


state 168
	Receiver : Expr . '.'  (42)
	LValue : Expr . '[' Expr ']'  (45)
	Expr : Expr . '+' Expr  (50)
	Expr : Expr '+' Expr .  (50)
	Expr : Expr . '-' Expr  (51)
	Expr : Expr . '*' Expr  (52)
	Expr : Expr . '/' Expr  (53)
	Expr : Expr . '%' Expr  (54)
	Expr : Expr . EQUAL Expr  (55)
	Expr : Expr . NOT_EQUAL Expr  (56)
	Expr : Expr . '<' Expr  (57)
	Expr : Expr . '>' Expr  (58)
	Expr : Expr . LESS_EQUAL Expr  (59)
	Expr : Expr . GREATER_EQUAL Expr  (60)
	Expr : Expr . AND Expr  (61)
	Expr : Expr . OR Expr  (62)

	'*'  shift 132
	'/'  shift 133
	'%'  shift 134
	'.'  shift 137
	'['  shift 138
	AND  reduce 50
	OR  reduce 50
	LESS_EQUAL  reduce 50
	GREATER_EQUAL  reduce 50
	EQUAL  reduce 50
	NOT_EQUAL  reduce 50
	'+'  reduce 50
	'-'  reduce 50
	'>'  reduce 50
	'<'  reduce 50
	','  reduce 50
	';'  reduce 50
	')'  reduce 50
	']'  reduce 50
	':'  reduce 50


state 169
	Receiver : Expr . '.'  (42)
	LValue : Expr . '[' Expr ']'  (45)
	Expr : Expr . '+' Expr  (50)
	Expr : Expr . '-' Expr  (51)
	Expr : Expr '-' Expr .  (51)
	Expr : Expr . '*' Expr  (52)
	Expr : Expr . '/' Expr  (53)
	Expr : Expr . '%' Expr  (54)
	Expr : Expr . EQUAL Expr  (55)
	Expr : Expr . NOT_EQUAL Expr  (56)
	Expr : Expr . '<' Expr  (57)
	Expr : Expr . '>' Expr  (58)
	Expr : Expr . LESS_EQUAL Expr  (59)
	Expr : Expr . GREATER_EQUAL Expr  (60)
	Expr : Expr . AND Expr  (61)
	Expr : Expr . OR Expr  (62)

	'*'  shift 132
	'/'  shift 133
	'%'  shift 134
	'.'  shift 137
	'['  shift 138
	AND  reduce 51
	OR  reduce 51
	LESS_EQUAL  reduce 51
	GREATER_EQUAL  reduce 51
	EQUAL  reduce 51
	NOT_EQUAL  reduce 51
	'+'  reduce 51
	'-'  reduce 51
	'>'  reduce 51
	'<'  reduce 51
	','  reduce 51
	';'  reduce 51
	')'  reduce 51
	']'  reduce 51
	':'  reduce 51


state 170
	Receiver : Expr . '.'  (42)
	LValue : Expr . '[' Expr ']'  (45)
	Expr : Expr . '+' Expr  (50)
	Expr : Expr . '-' Expr  (51)
	Expr : Expr . '*' Expr  (52)
	Expr : Expr '*' Expr .  (52)
	Expr : Expr . '/' Expr  (53)
	Expr : Expr . '%' Expr  (54)
	Expr : Expr . EQUAL Expr  (55)
	Expr : Expr . NOT_EQUAL Expr  (56)
	Expr : Expr . '<' Expr  (57)
	Expr : Expr . '>' Expr  (58)
	Expr : Expr . LESS_EQUAL Expr  (59)
	Expr : Expr . GREATER_EQUAL Expr  (60)
	Expr : Expr . AND Expr  (61)
	Expr : Expr . OR Expr  (62)

	'.'  shift 137
	'['  shift 138
	AND  reduce 52
	OR  reduce 52
	LESS_EQUAL  reduce 52
	GREATER_EQUAL  reduce 52
	EQUAL  reduce 52
	NOT_EQUAL  reduce 52
	'+'  reduce 52
	'-'  reduce 52
	'*'  reduce 52
	'/'  reduce 52
	'%'  reduce 52
	'>'  reduce 52
	'<'  reduce 52
	','  reduce 52
	';'  reduce 52
	')'  reduce 52
	']'  reduce 52
	':'  reduce 52


state 171
	Receiver : Expr . '.'  (42)
	LValue : Expr . '[' Expr ']'  (45)
	Expr : Expr . '+' Expr  (50)
	Expr : Expr . '-' Expr  (51)
	Expr : Expr . '*' Expr  (52)
	Expr : Expr . '/' Expr  (53)
	Expr : Expr '/' Expr .  (53)
	Expr : Expr . '%' Expr  (54)
	Expr : Expr . EQUAL Expr  (55)
	Expr : Expr . NOT_EQUAL Expr  (56)
	Expr : Expr . '<' Expr  (57)
	Expr : Expr . '>' Expr  (58)
	Expr : Expr . LESS_EQUAL Expr  (59)
	Expr : Expr . GREATER_EQUAL Expr  (60)
	Expr : Expr . AND Expr  (61)
	Expr : Expr . OR Expr  (62)

	'.'  shift 137
	'['  shift 138
	AND  reduce 53
	OR  reduce 53
	LESS_EQUAL  reduce 53
	GREATER_EQUAL  reduce 53
	EQUAL  reduce 53
	NOT_EQUAL  reduce 53
	'+'  reduce 53
	'-'  reduce 53
	'*'  reduce 53
	'/'  reduce 53
	'%'  reduce 53
	'>'  reduce 53
	'<'  reduce 53
	','  reduce 53
	';'  reduce 53
	')'  reduce 53
	']'  reduce 53
	':'  reduce 53


state 172
	Receiver : Expr . '.'  (42)
	LValue : Expr . '[' Expr ']'  (45)
	Expr : Expr . '+' Expr  (50)
	Expr : Expr . '-' Expr  (51)
	Expr : Expr . '*' Expr  (52)
	Expr : Expr . '/' Expr  (53)
	Expr : Expr . '%' Expr  (54)
	Expr : Expr '%' Expr .  (54)
	Expr : Expr . EQUAL Expr  (55)
	Expr : Expr . NOT_EQUAL Expr  (56)
	Expr : Expr . '<' Expr  (57)
	Expr : Expr . '>' Expr  (58)
	Expr : Expr . LESS_EQUAL Expr  (59)
	Expr : Expr . GREATER_EQUAL Expr  (60)
	Expr : Expr . AND Expr  (61)
	Expr : Expr . OR Expr  (62)

	'.'  shift 137
	'['  shift 138
	AND  reduce 54
	OR  reduce 54
	LESS_EQUAL  reduce 54
	GREATER_EQUAL  reduce 54
	EQUAL  reduce 54
	NOT_EQUAL  reduce 54
	'+'  reduce 54
	'-'  reduce 54
	'*'  reduce 54
	'/'  reduce 54
	'%'  reduce 54
	'>'  reduce 54
	'<'  reduce 54
	','  reduce 54
	';'  reduce 54
	')'  reduce 54
	']'  reduce 54
	':'  reduce 54


state 173
	Receiver : Expr . '.'  (42)
	LValue : Expr . '[' Expr ']'  (45)
	Expr : Expr . '+' Expr  (50)
	Expr : Expr . '-' Expr  (51)
	Expr : Expr . '*' Expr  (52)
	Expr : Expr . '/' Expr  (53)
	Expr : Expr . '%' Expr  (54)
	Expr : Expr . EQUAL Expr  (55)
	Expr : Expr . NOT_EQUAL Expr  (56)
	Expr : Expr . '<' Expr  (57)
	Expr : Expr . '>' Expr  (58)
	Expr : Expr '>' Expr .  (58)
	Expr : Expr . LESS_EQUAL Expr  (59)
	Expr : Expr . GREATER_EQUAL Expr  (60)
	Expr : Expr . AND Expr  (61)
	Expr : Expr . OR Expr  (62)

	'+'  shift 130
	'-'  shift 131
	'*'  shift 132
	'/'  shift 133
	'%'  shift 134
	'.'  shift 137
	'['  shift 138
	AND  reduce 58
	OR  reduce 58
	EQUAL  reduce 58
	NOT_EQUAL  reduce 58
	','  reduce 58
	';'  reduce 58
	')'  reduce 58
	']'  reduce 58
	':'  reduce 58


state 174
	Receiver : Expr . '.'  (42)
	LValue : Expr . '[' Expr ']'  (45)
	Expr : Expr . '+' Expr  (50)
	Expr : Expr . '-' Expr  (51)
	Expr : Expr . '*' Expr  (52)
	Expr : Expr . '/' Expr  (53)
	Expr : Expr . '%' Expr  (54)
	Expr : Expr . EQUAL Expr  (55)
	Expr : Expr . NOT_EQUAL Expr  (56)
	Expr : Expr . '<' Expr  (57)
	Expr : Expr '<' Expr .  (57)
	Expr : Expr . '>' Expr  (58)
	Expr : Expr . LESS_EQUAL Expr  (59)
	Expr : Expr . GREATER_EQUAL Expr  (60)
	Expr : Expr . AND Expr  (61)
	Expr : Expr . OR Expr  (62)

	'+'  shift 130
	'-'  shift 131
	'*'  shift 132
	'/'  shift 133
	'%'  shift 134
	'.'  shift 137
	'['  shift 138
	AND  reduce 57
	OR  reduce 57
	EQUAL  reduce 57
	NOT_EQUAL  reduce 57
	','  reduce 57
	';'  reduce 57
	')'  reduce 57
	']'  reduce 57
	':'  reduce 57


state 175
	Receiver : Expr . '.'  (42)
	LValue : Expr . '[' Expr ']'  (45)
	LValue : Expr '[' Expr . ']'  (45)
	Expr : Expr . '+' Expr  (50)
	Expr : Expr . '-' Expr  (51)
	Expr : Expr . '*' Expr  (52)
	Expr : Expr . '/' Expr  (53)
	Expr : Expr . '%' Expr  (54)
	Expr : Expr . EQUAL Expr  (55)
	Expr : Expr . NOT_EQUAL Expr  (56)
	Expr : Expr . '<' Expr  (57)
	Expr : Expr . '>' Expr  (58)
	Expr : Expr . LESS_EQUAL Expr  (59)
	Expr : Expr . GREATER_EQUAL Expr  (60)
	Expr : Expr . AND Expr  (61)
	Expr : Expr . OR Expr  (62)

	AND  shift 124
	OR  shift 125
	LESS_EQUAL  shift 126
	GREATER_EQUAL  shift 127
	EQUAL  shift 128
	NOT_EQUAL  shift 129
	'+'  shift 130
	'-'  shift 131
	'*'  shift 132
	'/'  shift 133
	'%'  shift 134
	'>'  shift 135
	'<'  shift 136
	'.'  shift 137
	'['  shift 138
	']'  shift 192
	.  error


state 176
	Call : Receiver IDENTIFIER '(' . Actuals ')'  (46)
	Receiver : .  (43)
	Actuals : .  (83)

	NULL  shift 47
	THIS  shift 48
	NEW  shift 54
	READ_INTEGER  shift 56
	READ_LINE  shift 57
	LITERAL  shift 58
	INSTANCEOF  shift 59
	'-'  shift 60
	'!'  shift 61
	'('  shift 62
	CASE  shift 64
	SUPER  shift 65
	SCOPY  shift 66
	DCOPY  shift 67
	'#'  shift 70
	'@'  shift 71
	'$'  shift 72
	IDENTIFIER  reduce 43
	')'  reduce 83

	LValue  goto 94
	Expr  goto 145
	Call  goto 96
	Receiver  goto 88
	Actuals  goto 193
	Constant  goto 89
	CaseExpr  goto 90
	ExprList  goto 194


state 177
	WhileStmt : WHILE '(' Expr ')' . Stmt  (86)
	SimpleStmt : .  (41)
	Receiver : .  (43)

	VOID  shift 12
	BOOL  shift 13
	INT  shift 14
	STRING  shift 15
	CLASS  shift 16
	NULL  shift 47
	THIS  shift 48
	WHILE  shift 49
	FOR  shift 50
	IF  shift 51
	RETURN  shift 52
	BREAK  shift 53
	NEW  shift 54
	PRINT  shift 55
	READ_INTEGER  shift 56
	READ_LINE  shift 57
	LITERAL  shift 58
	INSTANCEOF  shift 59
	'-'  shift 60
	'!'  shift 61
	'('  shift 62
	'{'  shift 42
	CASE  shift 64
	SUPER  shift 65
	SCOPY  shift 66
	DCOPY  shift 67
	PRINTCOMP  shift 68
	COMPLEX  shift 19
	DO  shift 69
	'#'  shift 70
	'@'  shift 71
	'$'  shift 72
	IDENTIFIER  reduce 43
	';'  reduce 41

	VariableDef  goto 73
	Variable  goto 21
	Type  goto 34
	StmtBlock  goto 74
	Stmt  goto 195
	SimpleStmt  goto 76
	IfStmt  goto 77
	WhileStmt  goto 78
	ForStmt  goto 79
	ReturnStmt  goto 80
	PrintStmt  goto 81
	PrintCompStmt  goto 82
	BreakStmt  goto 83
	DoStmt  goto 84
	LValue  goto 85
	Expr  goto 86
	Call  goto 87
	Receiver  goto 88
	Constant  goto 89
	CaseExpr  goto 90


state 178
	ForStmt : FOR '(' SimpleStmt ';' . Expr ';' SimpleStmt ')' Stmt  (87)
	Receiver : .  (43)

	NULL  shift 47
	THIS  shift 48
	NEW  shift 54
	READ_INTEGER  shift 56
	READ_LINE  shift 57
	LITERAL  shift 58
	INSTANCEOF  shift 59
	'-'  shift 60
	'!'  shift 61
	'('  shift 62
	CASE  shift 64
	SUPER  shift 65
	SCOPY  shift 66
	DCOPY  shift 67
	'#'  shift 70
	'@'  shift 71
	'$'  shift 72
	IDENTIFIER  reduce 43

	LValue  goto 94
	Expr  goto 196
	Call  goto 96
	Receiver  goto 88
	Constant  goto 89
	CaseExpr  goto 90


state 179
	IfStmt : IF '(' Expr ')' . Stmt ElseClause  (89)
	SimpleStmt : .  (41)
	Receiver : .  (43)

	VOID  shift 12
	BOOL  shift 13
	INT  shift 14
	STRING  shift 15
	CLASS  shift 16
	NULL  shift 47
	THIS  shift 48
	WHILE  shift 49
	FOR  shift 50
	IF  shift 51
	RETURN  shift 52
	BREAK  shift 53
	NEW  shift 54
	PRINT  shift 55
	READ_INTEGER  shift 56
	READ_LINE  shift 57
	LITERAL  shift 58
	INSTANCEOF  shift 59
	'-'  shift 60
	'!'  shift 61
	'('  shift 62
	'{'  shift 42
	CASE  shift 64
	SUPER  shift 65
	SCOPY  shift 66
	DCOPY  shift 67
	PRINTCOMP  shift 68
	COMPLEX  shift 19
	DO  shift 69
	'#'  shift 70
	'@'  shift 71
	'$'  shift 72
	IDENTIFIER  reduce 43
	';'  reduce 41

	VariableDef  goto 73
	Variable  goto 21
	Type  goto 34
	StmtBlock  goto 74
	Stmt  goto 197
	SimpleStmt  goto 76
	IfStmt  goto 77
	WhileStmt  goto 78
	ForStmt  goto 79
	ReturnStmt  goto 80
	PrintStmt  goto 81
	PrintCompStmt  goto 82
	BreakStmt  goto 83
	DoStmt  goto 84
	LValue  goto 85
	Expr  goto 86
	Call  goto 87
	Receiver  goto 88
	Constant  goto 89
	CaseExpr  goto 90


state 180
	Expr : NEW IDENTIFIER '(' ')' .  (69)

	.  reduce 69


state 181
	Receiver : Expr . '.'  (42)
	LValue : Expr . '[' Expr ']'  (45)
	Expr : Expr . '+' Expr  (50)
	Expr : Expr . '-' Expr  (51)
	Expr : Expr . '*' Expr  (52)
	Expr : Expr . '/' Expr  (53)
	Expr : Expr . '%' Expr  (54)
	Expr : Expr . EQUAL Expr  (55)
	Expr : Expr . NOT_EQUAL Expr  (56)
	Expr : Expr . '<' Expr  (57)
	Expr : Expr . '>' Expr  (58)
	Expr : Expr . LESS_EQUAL Expr  (59)
	Expr : Expr . GREATER_EQUAL Expr  (60)
	Expr : Expr . AND Expr  (61)
	Expr : Expr . OR Expr  (62)
	Expr : NEW Type '[' Expr . ']'  (70)

	AND  shift 124
	OR  shift 125
	LESS_EQUAL  shift 126
	GREATER_EQUAL  shift 127
	EQUAL  shift 128
	NOT_EQUAL  shift 129
	'+'  shift 130
	'-'  shift 131
	'*'  shift 132
	'/'  shift 133
	'%'  shift 134
	'>'  shift 135
	'<'  shift 136
	'.'  shift 137
	'['  shift 138
	']'  shift 198
	.  error


state 182
	ExprList : ExprList ',' . Expr  (84)
	Receiver : .  (43)

	NULL  shift 47
	THIS  shift 48
	NEW  shift 54
	READ_INTEGER  shift 56
	READ_LINE  shift 57
	LITERAL  shift 58
	INSTANCEOF  shift 59
	'-'  shift 60
	'!'  shift 61
	'('  shift 62
	CASE  shift 64
	SUPER  shift 65
	SCOPY  shift 66
	DCOPY  shift 67
	'#'  shift 70
	'@'  shift 71
	'$'  shift 72
	IDENTIFIER  reduce 43

	LValue  goto 94
	Expr  goto 199
	Call  goto 96
	Receiver  goto 88
	Constant  goto 89
	CaseExpr  goto 90


state 183
	PrintStmt : PRINT '(' ExprList ')' .  (94)

	.  reduce 94


state 184
	Expr : INSTANCEOF '(' Expr ',' . IDENTIFIER ')'  (71)

	IDENTIFIER  shift 200
	.  error


state 185
	Expr : '(' CLASS IDENTIFIER ')' . Expr  (72)
	Receiver : .  (43)

	NULL  shift 47
	THIS  shift 48
	NEW  shift 54
	READ_INTEGER  shift 56
	READ_LINE  shift 57
	LITERAL  shift 58
	INSTANCEOF  shift 59
	'-'  shift 60
	'!'  shift 61
	'('  shift 62
	CASE  shift 64
	SUPER  shift 65
	SCOPY  shift 66
	DCOPY  shift 67
	'#'  shift 70
	'@'  shift 71
	'$'  shift 72
	IDENTIFIER  reduce 43

	LValue  goto 94
	Expr  goto 201
	Call  goto 96
	Receiver  goto 88
	Constant  goto 89
	CaseExpr  goto 90


state 186
	CaseExpr : CASE '(' Expr ')' . '{' CaseList DefaultExpr '}'  (96)

	'{'  shift 202
	.  error


state 187
	Expr : SCOPY '(' Expr ')' .  (77)

	.  reduce 77


state 188
	Expr : DCOPY '(' Expr ')' .  (76)

	.  reduce 76


state 189
	PrintCompStmt : PRINTCOMP '(' ExprList ')' .  (95)

	.  reduce 95


state 190
	DoSubStmt : Expr ':' Stmt .  (107)

	.  reduce 107


state 191
	DoStmt : DO DoBranchList DoSubStmt OD .  (102)

	.  reduce 102


state 192
	LValue : Expr '[' Expr ']' .  (45)

	.  reduce 45


state 193
	Call : Receiver IDENTIFIER '(' Actuals . ')'  (46)

	')'  shift 203
	.  error


state 194
	Actuals : ExprList .  (82)
	ExprList : ExprList . ',' Expr  (84)

	','  shift 182
	')'  reduce 82


state 195
	WhileStmt : WHILE '(' Expr ')' Stmt .  (86)

	.  reduce 86


state 196
	Receiver : Expr . '.'  (42)
	LValue : Expr . '[' Expr ']'  (45)
	Expr : Expr . '+' Expr  (50)
	Expr : Expr . '-' Expr  (51)
	Expr : Expr . '*' Expr  (52)
	Expr : Expr . '/' Expr  (53)
	Expr : Expr . '%' Expr  (54)
	Expr : Expr . EQUAL Expr  (55)
	Expr : Expr . NOT_EQUAL Expr  (56)
	Expr : Expr . '<' Expr  (57)
	Expr : Expr . '>' Expr  (58)
	Expr : Expr . LESS_EQUAL Expr  (59)
	Expr : Expr . GREATER_EQUAL Expr  (60)
	Expr : Expr . AND Expr  (61)
	Expr : Expr . OR Expr  (62)
	ForStmt : FOR '(' SimpleStmt ';' Expr . ';' SimpleStmt ')' Stmt  (87)

	AND  shift 124
	OR  shift 125
	LESS_EQUAL  shift 126
	GREATER_EQUAL  shift 127
	EQUAL  shift 128
	NOT_EQUAL  shift 129
	'+'  shift 130
	'-'  shift 131
	'*'  shift 132
	'/'  shift 133
	'%'  shift 134
	'>'  shift 135
	'<'  shift 136
	'.'  shift 137
	';'  shift 204
	'['  shift 138
	.  error


state 197
	IfStmt : IF '(' Expr ')' Stmt . ElseClause  (89)
	ElseClause : .  (91)

	ELSE  shift 205
	VOID  reduce 91
	BOOL  reduce 91
	INT  reduce 91
	STRING  reduce 91
	CLASS  reduce 91
	NULL  reduce 91
	THIS  reduce 91
	WHILE  reduce 91
	FOR  reduce 91
	IF  reduce 91
	RETURN  reduce 91
	BREAK  reduce 91
	NEW  reduce 91
	PRINT  reduce 91
	READ_INTEGER  reduce 91
	READ_LINE  reduce 91
	LITERAL  reduce 91
	IDENTIFIER  reduce 91
	INSTANCEOF  reduce 91
	'-'  reduce 91
	';'  reduce 91
	'!'  reduce 91
	'('  reduce 91
	'{'  reduce 91
	'}'  reduce 91
	CASE  reduce 91
	SUPER  reduce 91
	SCOPY  reduce 91
	DCOPY  reduce 91
	PRINTCOMP  reduce 91
	COMPLEX  reduce 91
	DO  reduce 91
	OD  reduce 91
	BRAN  reduce 91
	'#'  reduce 91
	'@'  reduce 91
	'$'  reduce 91

	ElseClause  goto 206


state 198
	Expr : NEW Type '[' Expr ']' .  (70)

	.  reduce 70


state 199
	Receiver : Expr . '.'  (42)
	LValue : Expr . '[' Expr ']'  (45)
	Expr : Expr . '+' Expr  (50)
	Expr : Expr . '-' Expr  (51)
	Expr : Expr . '*' Expr  (52)
	Expr : Expr . '/' Expr  (53)
	Expr : Expr . '%' Expr  (54)
	Expr : Expr . EQUAL Expr  (55)
	Expr : Expr . NOT_EQUAL Expr  (56)
	Expr : Expr . '<' Expr  (57)
	Expr : Expr . '>' Expr  (58)
	Expr : Expr . LESS_EQUAL Expr  (59)
	Expr : Expr . GREATER_EQUAL Expr  (60)
	Expr : Expr . AND Expr  (61)
	Expr : Expr . OR Expr  (62)
	ExprList : ExprList ',' Expr .  (84)

	AND  shift 124
	OR  shift 125
	LESS_EQUAL  shift 126
	GREATER_EQUAL  shift 127
	EQUAL  shift 128
	NOT_EQUAL  shift 129
	'+'  shift 130
	'-'  shift 131
	'*'  shift 132
	'/'  shift 133
	'%'  shift 134
	'>'  shift 135
	'<'  shift 136
	'.'  shift 137
	'['  shift 138
	','  reduce 84
	')'  reduce 84


state 200
	Expr : INSTANCEOF '(' Expr ',' IDENTIFIER . ')'  (71)

	')'  shift 207
	.  error


state 201
	Receiver : Expr . '.'  (42)
	LValue : Expr . '[' Expr ']'  (45)
	Expr : Expr . '+' Expr  (50)
	Expr : Expr . '-' Expr  (51)
	Expr : Expr . '*' Expr  (52)
	Expr : Expr . '/' Expr  (53)
	Expr : Expr . '%' Expr  (54)
	Expr : Expr . EQUAL Expr  (55)
	Expr : Expr . NOT_EQUAL Expr  (56)
	Expr : Expr . '<' Expr  (57)
	Expr : Expr . '>' Expr  (58)
	Expr : Expr . LESS_EQUAL Expr  (59)
	Expr : Expr . GREATER_EQUAL Expr  (60)
	Expr : Expr . AND Expr  (61)
	Expr : Expr . OR Expr  (62)
	Expr : '(' CLASS IDENTIFIER ')' Expr .  (72)

	.  reduce 72


202: shift/reduce conflict (shift 47, reduce 99) on NULL
202: shift/reduce conflict (shift 58, reduce 99) on LITERAL
state 202
	CaseExpr : CASE '(' Expr ')' '{' . CaseList DefaultExpr '}'  (96)
	CaseList : .  (99)

	NULL  shift 47
	LITERAL  shift 58
	DEFAULT  reduce 99

	Constant  goto 208
	CaseList  goto 209
	ACaseEXor  goto 210


state 203
	Call : Receiver IDENTIFIER '(' Actuals ')' .  (46)

	.  reduce 46


state 204
	ForStmt : FOR '(' SimpleStmt ';' Expr ';' . SimpleStmt ')' Stmt  (87)
	SimpleStmt : .  (41)
	Receiver : .  (43)

	NULL  shift 47
	THIS  shift 48
	NEW  shift 54
	READ_INTEGER  shift 56
	READ_LINE  shift 57
	LITERAL  shift 58
	INSTANCEOF  shift 59
	'-'  shift 60
	'!'  shift 61
	'('  shift 62
	CASE  shift 64
	SUPER  shift 65
	SCOPY  shift 66
	DCOPY  shift 67
	'#'  shift 70
	'@'  shift 71
	'$'  shift 72
	IDENTIFIER  reduce 43
	')'  reduce 41

	SimpleStmt  goto 211
	LValue  goto 85
	Expr  goto 86
	Call  goto 87
	Receiver  goto 88
	Constant  goto 89
	CaseExpr  goto 90


state 205
	ElseClause : ELSE . Stmt  (90)
	SimpleStmt : .  (41)
	Receiver : .  (43)

	VOID  shift 12
	BOOL  shift 13
	INT  shift 14
	STRING  shift 15
	CLASS  shift 16
	NULL  shift 47
	THIS  shift 48
	WHILE  shift 49
	FOR  shift 50
	IF  shift 51
	RETURN  shift 52
	BREAK  shift 53
	NEW  shift 54
	PRINT  shift 55
	READ_INTEGER  shift 56
	READ_LINE  shift 57
	LITERAL  shift 58
	INSTANCEOF  shift 59
	'-'  shift 60
	'!'  shift 61
	'('  shift 62
	'{'  shift 42
	CASE  shift 64
	SUPER  shift 65
	SCOPY  shift 66
	DCOPY  shift 67
	PRINTCOMP  shift 68
	COMPLEX  shift 19
	DO  shift 69
	'#'  shift 70
	'@'  shift 71
	'$'  shift 72
	IDENTIFIER  reduce 43
	';'  reduce 41

	VariableDef  goto 73
	Variable  goto 21
	Type  goto 34
	StmtBlock  goto 74
	Stmt  goto 212
	SimpleStmt  goto 76
	IfStmt  goto 77
	WhileStmt  goto 78
	ForStmt  goto 79
	ReturnStmt  goto 80
	PrintStmt  goto 81
	PrintCompStmt  goto 82
	BreakStmt  goto 83
	DoStmt  goto 84
	LValue  goto 85
	Expr  goto 86
	Call  goto 87
	Receiver  goto 88
	Constant  goto 89
	CaseExpr  goto 90


state 206
	IfStmt : IF '(' Expr ')' Stmt ElseClause .  (89)

	.  reduce 89


state 207
	Expr : INSTANCEOF '(' Expr ',' IDENTIFIER ')' .  (71)

	.  reduce 71


state 208
	ACaseEXor : Constant . ':' Expr ';'  (100)

	':'  shift 213
	.  error


state 209
	CaseExpr : CASE '(' Expr ')' '{' CaseList . DefaultExpr '}'  (96)
	CaseList : CaseList . ACaseEXor  (97)

	NULL  shift 47
	LITERAL  shift 58
	DEFAULT  shift 214
	.  error

	Constant  goto 208
	DefaultExpr  goto 215
	ACaseEXor  goto 216


state 210
	CaseList : ACaseEXor .  (98)

	.  reduce 98


state 211
	ForStmt : FOR '(' SimpleStmt ';' Expr ';' SimpleStmt . ')' Stmt  (87)

	')'  shift 217
	.  error


state 212
	ElseClause : ELSE Stmt .  (90)

	.  reduce 90


state 213
	ACaseEXor : Constant ':' . Expr ';'  (100)
	Receiver : .  (43)

	NULL  shift 47
	THIS  shift 48
	NEW  shift 54
	READ_INTEGER  shift 56
	READ_LINE  shift 57
	LITERAL  shift 58
	INSTANCEOF  shift 59
	'-'  shift 60
	'!'  shift 61
	'('  shift 62
	CASE  shift 64
	SUPER  shift 65
	SCOPY  shift 66
	DCOPY  shift 67
	'#'  shift 70
	'@'  shift 71
	'$'  shift 72
	IDENTIFIER  reduce 43

	LValue  goto 94
	Expr  goto 218
	Call  goto 96
	Receiver  goto 88
	Constant  goto 89
	CaseExpr  goto 90


state 214
	DefaultExpr : DEFAULT . ':' Expr ';'  (101)

	':'  shift 219
	.  error


state 215
	CaseExpr : CASE '(' Expr ')' '{' CaseList DefaultExpr . '}'  (96)

	'}'  shift 220
	.  error


state 216
	CaseList : CaseList ACaseEXor .  (97)

	.  reduce 97


state 217
	ForStmt : FOR '(' SimpleStmt ';' Expr ';' SimpleStmt ')' . Stmt  (87)
	SimpleStmt : .  (41)
	Receiver : .  (43)

	VOID  shift 12
	BOOL  shift 13
	INT  shift 14
	STRING  shift 15
	CLASS  shift 16
	NULL  shift 47
	THIS  shift 48
	WHILE  shift 49
	FOR  shift 50
	IF  shift 51
	RETURN  shift 52
	BREAK  shift 53
	NEW  shift 54
	PRINT  shift 55
	READ_INTEGER  shift 56
	READ_LINE  shift 57
	LITERAL  shift 58
	INSTANCEOF  shift 59
	'-'  shift 60
	'!'  shift 61
	'('  shift 62
	'{'  shift 42
	CASE  shift 64
	SUPER  shift 65
	SCOPY  shift 66
	DCOPY  shift 67
	PRINTCOMP  shift 68
	COMPLEX  shift 19
	DO  shift 69
	'#'  shift 70
	'@'  shift 71
	'$'  shift 72
	IDENTIFIER  reduce 43
	';'  reduce 41

	VariableDef  goto 73
	Variable  goto 21
	Type  goto 34
	StmtBlock  goto 74
	Stmt  goto 221
	SimpleStmt  goto 76
	IfStmt  goto 77
	WhileStmt  goto 78
	ForStmt  goto 79
	ReturnStmt  goto 80
	PrintStmt  goto 81
	PrintCompStmt  goto 82
	BreakStmt  goto 83
	DoStmt  goto 84
	LValue  goto 85
	Expr  goto 86
	Call  goto 87
	Receiver  goto 88
	Constant  goto 89
	CaseExpr  goto 90


state 218
	Receiver : Expr . '.'  (42)
	LValue : Expr . '[' Expr ']'  (45)
	Expr : Expr . '+' Expr  (50)
	Expr : Expr . '-' Expr  (51)
	Expr : Expr . '*' Expr  (52)
	Expr : Expr . '/' Expr  (53)
	Expr : Expr . '%' Expr  (54)
	Expr : Expr . EQUAL Expr  (55)
	Expr : Expr . NOT_EQUAL Expr  (56)
	Expr : Expr . '<' Expr  (57)
	Expr : Expr . '>' Expr  (58)
	Expr : Expr . LESS_EQUAL Expr  (59)
	Expr : Expr . GREATER_EQUAL Expr  (60)
	Expr : Expr . AND Expr  (61)
	Expr : Expr . OR Expr  (62)
	ACaseEXor : Constant ':' Expr . ';'  (100)

	AND  shift 124
	OR  shift 125
	LESS_EQUAL  shift 126
	GREATER_EQUAL  shift 127
	EQUAL  shift 128
	NOT_EQUAL  shift 129
	'+'  shift 130
	'-'  shift 131
	'*'  shift 132
	'/'  shift 133
	'%'  shift 134
	'>'  shift 135
	'<'  shift 136
	'.'  shift 137
	';'  shift 222
	'['  shift 138
	.  error


state 219
	DefaultExpr : DEFAULT ':' . Expr ';'  (101)
	Receiver : .  (43)

	NULL  shift 47
	THIS  shift 48
	NEW  shift 54
	READ_INTEGER  shift 56
	READ_LINE  shift 57
	LITERAL  shift 58
	INSTANCEOF  shift 59
	'-'  shift 60
	'!'  shift 61
	'('  shift 62
	CASE  shift 64
	SUPER  shift 65
	SCOPY  shift 66
	DCOPY  shift 67
	'#'  shift 70
	'@'  shift 71
	'$'  shift 72
	IDENTIFIER  reduce 43

	LValue  goto 94
	Expr  goto 223
	Call  goto 96
	Receiver  goto 88
	Constant  goto 89
	CaseExpr  goto 90


state 220
	CaseExpr : CASE '(' Expr ')' '{' CaseList DefaultExpr '}' .  (96)

	.  reduce 96


state 221
	ForStmt : FOR '(' SimpleStmt ';' Expr ';' SimpleStmt ')' Stmt .  (87)

	.  reduce 87


state 222
	ACaseEXor : Constant ':' Expr ';' .  (100)

	.  reduce 100


state 223
	Receiver : Expr . '.'  (42)
	LValue : Expr . '[' Expr ']'  (45)
	Expr : Expr . '+' Expr  (50)
	Expr : Expr . '-' Expr  (51)
	Expr : Expr . '*' Expr  (52)
	Expr : Expr . '/' Expr  (53)
	Expr : Expr . '%' Expr  (54)
	Expr : Expr . EQUAL Expr  (55)
	Expr : Expr . NOT_EQUAL Expr  (56)
	Expr : Expr . '<' Expr  (57)
	Expr : Expr . '>' Expr  (58)
	Expr : Expr . LESS_EQUAL Expr  (59)
	Expr : Expr . GREATER_EQUAL Expr  (60)
	Expr : Expr . AND Expr  (61)
	Expr : Expr . OR Expr  (62)
	DefaultExpr : DEFAULT ':' Expr . ';'  (101)

	AND  shift 124
	OR  shift 125
	LESS_EQUAL  shift 126
	GREATER_EQUAL  shift 127
	EQUAL  shift 128
	NOT_EQUAL  shift 129
	'+'  shift 130
	'-'  shift 131
	'*'  shift 132
	'/'  shift 133
	'%'  shift 134
	'>'  shift 135
	'<'  shift 136
	'.'  shift 137
	';'  shift 224
	'['  shift 138
	.  error


state 224
	DefaultExpr : DEFAULT ':' Expr ';' .  (101)

	.  reduce 101


State 115 contains 15 shift/reduce conflicts.
State 116 contains 15 shift/reduce conflicts.
State 117 contains 15 shift/reduce conflicts.
State 202 contains 2 shift/reduce conflicts.


64 terminals, 39 nonterminals
108 grammar rules, 225 states
